<?xml version="1.0" encoding="UTF-8"?>
<!-- Generated by org.testng.reporters.JUnitReportReporter -->
<testsuite skipped="0" hostname="BLRLCRIGVEDA08" name="day4Package.ExampleAutoIT" tests="1" failures="0" timestamp="25 Oct 2018 05:09:37 GMT" time="78.422" errors="0">
  <testcase name="DownLoadImage" time="78.422" classname="day4Package.ExampleAutoIT"/>
</testsuite> <!-- day4Package.ExampleAutoIT -->
