<?xml version="1.0" encoding="UTF-8"?>
<!-- Generated by org.testng.reporters.JUnitReportReporter -->
<testsuite skipped="2" hostname="BLRLCRIGVEDA08" name="day3Package.ExampleActions" tests="3" failures="0" timestamp="24 Oct 2018 10:12:02 GMT" time="28.597" errors="0">
  <testcase name="SaveImage" time="28.597" classname="day3Package.ExampleActions"/>
  <testcase name="AmazonKeyMouseActions" classname="day3Package.ExampleActions">
    <skipped/>
  </testcase> <!-- AmazonKeyMouseActions -->
  <testcase name="GoogleKeyBoardActions" classname="day3Package.ExampleActions">
    <skipped/>
  </testcase> <!-- GoogleKeyBoardActions -->
</testsuite> <!-- day3Package.ExampleActions -->
