<?xml version="1.0" encoding="UTF-8"?>
<!-- Generated by org.testng.reporters.JUnitReportReporter -->
<testsuite skipped="0" hostname="BLRLCRIGVEDA08" name="day2Package.testNGExampleUsingInheritance" tests="1" failures="0" timestamp="23 Oct 2018 06:43:37 GMT" time="41.347" errors="0">
  <testcase name="GoogleSearch" time="41.347" classname="day2Package.testNGExampleUsingInheritance"/>
</testsuite> <!-- day2Package.testNGExampleUsingInheritance -->
