<?xml version="1.0" encoding="UTF-8"?>
<!-- Generated by org.testng.reporters.JUnitReportReporter -->
<testsuite skipped="1" hostname="BLRLCRIGVEDA08" name="day3Package.DropDown" tests="2" failures="0" timestamp="24 Oct 2018 05:38:17 GMT" time="5.925" errors="0">
  <testcase name="DropDown2" time="5.925" classname="day3Package.DropDown"/>
  <testcase name="DropDown1" classname="day3Package.DropDown">
    <skipped/>
  </testcase> <!-- DropDown1 -->
</testsuite> <!-- day3Package.DropDown -->
