<?xml version="1.0" encoding="UTF-8"?>
<!-- Generated by org.testng.reporters.JUnitReportReporter -->
<testsuite skipped="0" hostname="BLRLCRIGVEDA08" name="day2Package.testNGExample3" tests="3" failures="0" timestamp="23 Oct 2018 05:29:56 GMT" time="0.029" errors="0">
  <testcase name="Flipkart" time="0.013" classname="day2Package.testNGExample3"/>
  <testcase name="GoogleSearch" time="0.008" classname="day2Package.testNGExample3"/>
  <testcase name="Amazon" time="0.008" classname="day2Package.testNGExample3"/>
</testsuite> <!-- day2Package.testNGExample3 -->
