<?xml version="1.0" encoding="UTF-8"?>
<!-- Generated by org.testng.reporters.JUnitReportReporter -->
<testsuite skipped="0" hostname="BLRLCRIGVEDA08" name="day2Package.testNGBasics" tests="4" failures="0" timestamp="23 Oct 2018 05:00:52 GMT" time="0.016" errors="0">
  <testcase name="TC2" time="0.008" classname="day2Package.testNGBasics"/>
  <testcase name="TC3" time="0.002" classname="day2Package.testNGBasics"/>
  <testcase name="TC1" time="0.003" classname="day2Package.testNGBasics"/>
  <testcase name="TC4" time="0.003" classname="day2Package.testNGBasics"/>
</testsuite> <!-- day2Package.testNGBasics -->
