<?xml version="1.0" encoding="UTF-8"?>
<!-- Generated by org.testng.reporters.JUnitReportReporter -->
<testsuite skipped="0" hostname="BLRLCRIGVEDA08" name="day2Package.SoftestPage" tests="1" failures="0" timestamp="23 Oct 2018 10:05:39 GMT" time="72.530" errors="0">
  <testcase name="SoftAssertExample" time="72.530" classname="day2Package.SoftestPage"/>
</testsuite> <!-- day2Package.SoftestPage -->
