<?xml version="1.0" encoding="UTF-8"?>
<!-- Generated by org.testng.reporters.JUnitReportReporter -->
<testsuite skipped="1" hostname="BLRLCRIGVEDA08" name="day2Package.GoogleSearchResultCount" tests="2" failures="0" timestamp="23 Oct 2018 11:36:24 GMT" time="22.671" errors="0">
  <testcase name="SearchResultCount_1" time="22.671" classname="day2Package.GoogleSearchResultCount"/>
  <testcase name="SearchResultCount" classname="day2Package.GoogleSearchResultCount">
    <skipped/>
  </testcase> <!-- SearchResultCount -->
</testsuite> <!-- day2Package.GoogleSearchResultCount -->
