<?xml version="1.0" encoding="UTF-8"?>
<!-- Generated by org.testng.reporters.JUnitReportReporter -->
<testsuite skipped="0" hostname="BLRLCRIGVEDA08" name="day4Package.ExampleFatcingDataFromDataProvider" tests="5" failures="0" timestamp="25 Oct 2018 06:55:27 GMT" time="0.015" errors="0">
  <testcase name="ReadDataProvider" time="0.001" classname="day4Package.ExampleFatcingDataFromDataProvider"/>
  <testcase name="ReadDataProvider" time="0.002" classname="day4Package.ExampleFatcingDataFromDataProvider"/>
  <testcase name="ReadDataProvider" time="0.009" classname="day4Package.ExampleFatcingDataFromDataProvider"/>
  <testcase name="ReadDataProvider" time="0.002" classname="day4Package.ExampleFatcingDataFromDataProvider"/>
  <testcase name="ReadDataProvider" time="0.001" classname="day4Package.ExampleFatcingDataFromDataProvider"/>
</testsuite> <!-- day4Package.ExampleFatcingDataFromDataProvider -->
