<?xml version="1.0" encoding="UTF-8"?>
<!-- Generated by org.testng.reporters.JUnitReportReporter -->
<testsuite skipped="0" hostname="BLRLCRIGVEDA08" name="day4Package.ExampleDDT" tests="1" failures="0" timestamp="25 Oct 2018 06:13:13 GMT" time="0.596" errors="0">
  <testcase name="ReadXls" time="0.596" classname="day4Package.ExampleDDT"/>
</testsuite> <!-- day4Package.ExampleDDT -->
