<?xml version="1.0" encoding="UTF-8"?>
<!-- Generated by org.testng.reporters.JUnitReportReporter -->
<testsuite skipped="0" hostname="BLRLCRIGVEDA08" name="day2Package.testNGExample2" tests="1" failures="0" timestamp="23 Oct 2018 08:25:14 GMT" time="40.636" errors="0">
  <testcase name="GoogleSearch" time="40.636" classname="day2Package.testNGExample2"/>
</testsuite> <!-- day2Package.testNGExample2 -->
