<?xml version="1.0" encoding="UTF-8"?>
<!-- Generated by org.testng.reporters.JUnitReportReporter -->
<testsuite skipped="0" hostname="BLRLCRIGVEDA08" name="day3Package.ExampleAlert" tests="1" failures="0" timestamp="24 Oct 2018 06:06:43 GMT" time="0.908" errors="0">
  <testcase name="DropDown" time="0.908" classname="day3Package.ExampleAlert"/>
</testsuite> <!-- day3Package.ExampleAlert -->
