<?xml version="1.0" encoding="UTF-8"?>
<!-- Generated by org.testng.reporters.JUnitReportReporter -->
<testsuite skipped="0" hostname="BLRLCRIGVEDA08" name="day3Package.ExampleIFrame" tests="1" failures="0" timestamp="24 Oct 2018 06:49:52 GMT" time="87.104" errors="0">
  <testcase name="IFrame" time="87.104" classname="day3Package.ExampleIFrame"/>
</testsuite> <!-- day3Package.ExampleIFrame -->
