<?xml version="1.0" encoding="UTF-8"?>
<!-- Generated by org.testng.reporters.JUnitReportReporter -->
<testsuite skipped="0" hostname="BLRLCRIGVEDA08" name="day2Package.ExampleMultipleElements" tests="1" failures="0" timestamp="23 Oct 2018 10:24:40 GMT" time="39.872" errors="0">
  <testcase name="CounOfLinks" time="39.872" classname="day2Package.ExampleMultipleElements"/>
</testsuite> <!-- day2Package.ExampleMultipleElements -->
