<?xml version="1.0" encoding="UTF-8"?>
<!-- Generated by org.testng.reporters.JUnitReportReporter -->
<testsuite skipped="0" hostname="BLRLCRIGVEDA08" name="day4Package.ExampleGoogleSearchUsingDDT" tests="3" failures="0" timestamp="25 Oct 2018 08:45:27 GMT" time="63.442" errors="0">
  <testcase name="GoogleDDT" time="7.533" classname="day4Package.ExampleGoogleSearchUsingDDT"/>
  <testcase name="GoogleDDT" time="17.716" classname="day4Package.ExampleGoogleSearchUsingDDT"/>
  <testcase name="GoogleDDT" time="38.193" classname="day4Package.ExampleGoogleSearchUsingDDT"/>
</testsuite> <!-- day4Package.ExampleGoogleSearchUsingDDT -->
