<?xml version="1.0" encoding="UTF-8"?>
<!-- Generated by org.testng.reporters.JUnitReportReporter -->
<testsuite skipped="0" hostname="IN01LAP00077" name="com.eurofins.testcases.OrangeNavigation1Test" tests="1" failures="0" timestamp="10 Apr 2020 12:19:59 GMT" time="696.616" errors="0">
  <testcase name="hyperlinkTestValue" time="696.616" classname="com.eurofins.testcases.OrangeNavigation1Test"/>
</testsuite> <!-- com.eurofins.testcases.OrangeNavigation1Test -->
