<?xml version="1.0" encoding="UTF-8"?>
<!-- Generated by org.testng.reporters.JUnitReportReporter -->
<testsuite skipped="0" hostname="IN01LAP00077" name="com.eurofins.testcases.MainNavigationLinkPageTest" tests="14" failures="0" timestamp="15 Oct 2020 10:43:39 GMT" time="828.885" errors="0">
  <testcase name="mainNav1HyperlinkTest" time="342.606" classname="com.eurofins.testcases.MainNavigationLinkPageTest"/>
  <testcase name="mainNav2HyperlinkTest" time="41.208" classname="com.eurofins.testcases.MainNavigationLinkPageTest"/>
  <testcase name="mainNav3HyperlinkTest" time="47.465" classname="com.eurofins.testcases.MainNavigationLinkPageTest"/>
  <testcase name="mainNav4HyperlinkTest" time="212.573" classname="com.eurofins.testcases.MainNavigationLinkPageTest"/>
  <testcase name="mainNav5HyperlinkTest" time="47.519" classname="com.eurofins.testcases.MainNavigationLinkPageTest"/>
  <testcase name="mainNav6HyperlinkTest" time="58.747" classname="com.eurofins.testcases.MainNavigationLinkPageTest"/>
  <testcase name="mainNav7HyperlinkTest" time="58.964" classname="com.eurofins.testcases.MainNavigationLinkPageTest"/>
  <testcase name="mainNav1imageTest" time="3.193" classname="com.eurofins.testcases.MainNavigationLinkPageTest"/>
  <testcase name="mainNav2imageTest" time="2.801" classname="com.eurofins.testcases.MainNavigationLinkPageTest"/>
  <testcase name="mainNav3imageTest" time="2.919" classname="com.eurofins.testcases.MainNavigationLinkPageTest"/>
  <testcase name="mainNav4imageTest" time="2.217" classname="com.eurofins.testcases.MainNavigationLinkPageTest"/>
  <testcase name="mainNav5imageTest" time="3.927" classname="com.eurofins.testcases.MainNavigationLinkPageTest"/>
  <testcase name="mainNav6imageTest" time="2.254" classname="com.eurofins.testcases.MainNavigationLinkPageTest"/>
  <testcase name="mainNav7imageTest" time="2.492" classname="com.eurofins.testcases.MainNavigationLinkPageTest"/>
</testsuite> <!-- com.eurofins.testcases.MainNavigationLinkPageTest -->
