<?xml version="1.0" encoding="UTF-8"?>
<!-- Generated by org.testng.reporters.JUnitReportReporter -->
<testsuite skipped="113" hostname="IN01LAP00077" name="com.eurofins.testcases.CollectAllLinks" tests="117" failures="1" timestamp="22 May 2021 03:06:50 GMT" time="82.235" errors="2">
  <testcase name="setUp" time="6.005" classname="com.eurofins.testcases.CollectAllLinks">
    <error type="java.lang.StackOverflowError">
      <![CDATA[java.lang.StackOverflowError
at java.nio.CharBuffer.<init>(Unknown Source)
at java.nio.HeapCharBuffer.<init>(Unknown Source)
at java.nio.CharBuffer.wrap(Unknown Source)
at sun.nio.cs.StreamEncoder.implWrite(Unknown Source)
at sun.nio.cs.StreamEncoder.write(Unknown Source)
at java.io.OutputStreamWriter.write(Unknown Source)
at java.io.BufferedWriter.flushBuffer(Unknown Source)
at java.io.PrintStream.write(Unknown Source)
at java.io.PrintStream.print(Unknown Source)
at java.io.PrintStream.println(Unknown Source)
at com.eurofins.util.WebEventListener.onException(WebEventListener.java:64)
at sun.reflect.GeneratedMethodAccessor1.invoke(Unknown Source)
at sun.reflect.DelegatingMethodAccessorImpl.invoke(Unknown Source)
at java.lang.reflect.Method.invoke(Unknown Source)
at org.openqa.selenium.support.events.EventFiringWebDriver.lambda$new$0(EventFiringWebDriver.java:84)
at com.sun.proxy.$Proxy7.onException(Unknown Source)
at org.openqa.selenium.support.events.EventFiringWebDriver.lambda$new$1(EventFiringWebDriver.java:107)
at com.sun.proxy.$Proxy8.getScreenshotAs(Unknown Source)
at org.openqa.selenium.support.events.EventFiringWebDriver.getScreenshotAs(EventFiringWebDriver.java:302)
at com.eurofins.util.TestUtil.takeScreenshotAtEndOfTest(TestUtil.java:76)
at com.eurofins.util.WebEventListener.onException(WebEventListener.java:66)
at sun.reflect.GeneratedMethodAccessor1.invoke(Unknown Source)
at sun.reflect.DelegatingMethodAccessorImpl.invoke(Unknown Source)
at java.lang.reflect.Method.invoke(Unknown Source)
at org.openqa.selenium.support.events.EventFiringWebDriver.lambda$new$0(EventFiringWebDriver.java:84)
at com.sun.proxy.$Proxy7.onException(Unknown Source)
at org.openqa.selenium.support.events.EventFiringWebDriver.lambda$new$1(EventFiringWebDriver.java:107)
at com.sun.proxy.$Proxy8.getScreenshotAs(Unknown Source)
at org.openqa.selenium.support.events.EventFiringWebDriver.getScreenshotAs(EventFiringWebDriver.java:302)
at com.eurofins.util.TestUtil.takeScreenshotAtEndOfTest(TestUtil.java:76)
at com.eurofins.util.WebEventListener.onException(WebEventListener.java:66)
at sun.reflect.GeneratedMethodAccessor1.invoke(Unknown Source)
at sun.reflect.DelegatingMethodAccessorImpl.invoke(Unknown Source)
at java.lang.reflect.Method.invoke(Unknown Source)
at org.openqa.selenium.support.events.EventFiringWebDriver.lambda$new$0(EventFiringWebDriver.java:84)
at com.sun.proxy.$Proxy7.onException(Unknown Source)
at org.openqa.selenium.support.events.EventFiringWebDriver.lambda$new$1(EventFiringWebDriver.java:107)
at com.sun.proxy.$Proxy8.getScreenshotAs(Unknown Source)
at org.openqa.selenium.support.events.EventFiringWebDriver.getScreenshotAs(EventFiringWebDriver.java:302)
at com.eurofins.util.TestUtil.takeScreenshotAtEndOfTest(TestUtil.java:76)
at com.eurofins.util.WebEventListener.onException(WebEventListener.java:66)
at sun.reflect.GeneratedMethodAccessor1.invoke(Unknown Source)
at sun.reflect.DelegatingMethodAccessorImpl.invoke(Unknown Source)
at java.lang.reflect.Method.invoke(Unknown Source)
at org.openqa.selenium.support.events.EventFiringWebDriver.lambda$new$0(EventFiringWebDriver.java:84)
at com.sun.proxy.$Proxy7.onException(Unknown Source)
at org.openqa.selenium.support.events.EventFiringWebDriver.lambda$new$1(EventFiringWebDriver.java:107)
at com.sun.proxy.$Proxy8.getScreenshotAs(Unknown Source)
at org.openqa.selenium.support.events.EventFiringWebDriver.getScreenshotAs(EventFiringWebDriver.java:302)
at com.eurofins.util.TestUtil.takeScreenshotAtEndOfTest(TestUtil.java:76)
at com.eurofins.util.WebEventListener.onException(WebEventListener.java:66)
at sun.reflect.GeneratedMethodAccessor1.invoke(Unknown Source)
at sun.reflect.DelegatingMethodAccessorImpl.invoke(Unknown Source)
at java.lang.reflect.Method.invoke(Unknown Source)
at org.openqa.selenium.support.events.EventFiringWebDriver.lambda$new$0(EventFiringWebDriver.java:84)
at com.sun.proxy.$Proxy7.onException(Unknown Source)
at org.openqa.selenium.support.events.EventFiringWebDriver.lambda$new$1(EventFiringWebDriver.java:107)
at com.sun.proxy.$Proxy8.getScreenshotAs(Unknown Source)
at org.openqa.selenium.support.events.EventFiringWebDriver.getScreenshotAs(EventFiringWebDriver.java:302)
at com.eurofins.util.TestUtil.takeScreenshotAtEndOfTest(TestUtil.java:76)
at com.eurofins.util.WebEventListener.onException(WebEventListener.java:66)
at sun.reflect.GeneratedMethodAccessor1.invoke(Unknown Source)
at sun.reflect.DelegatingMethodAccessorImpl.invoke(Unknown Source)
at java.lang.reflect.Method.invoke(Unknown Source)
at org.openqa.selenium.support.events.EventFiringWebDriver.lambda$new$0(EventFiringWebDriver.java:84)
at com.sun.proxy.$Proxy7.onException(Unknown Source)
at org.openqa.selenium.support.events.EventFiringWebDriver.lambda$new$1(EventFiringWebDriver.java:107)
at com.sun.proxy.$Proxy8.getScreenshotAs(Unknown Source)
at org.openqa.selenium.support.events.EventFiringWebDriver.getScreenshotAs(EventFiringWebDriver.java:302)
at com.eurofins.util.TestUtil.takeScreenshotAtEndOfTest(TestUtil.java:76)
at com.eurofins.util.WebEventListener.onException(WebEventListener.java:66)
at sun.reflect.GeneratedMethodAccessor1.invoke(Unknown Source)
at sun.reflect.DelegatingMethodAccessorImpl.invoke(Unknown Source)
at java.lang.reflect.Method.invoke(Unknown Source)
at org.openqa.selenium.support.events.EventFiringWebDriver.lambda$new$0(EventFiringWebDriver.java:84)
at com.sun.proxy.$Proxy7.onException(Unknown Source)
at org.openqa.selenium.support.events.EventFiringWebDriver.lambda$new$1(EventFiringWebDriver.java:107)
at com.sun.proxy.$Proxy8.getScreenshotAs(Unknown Source)
at org.openqa.selenium.support.events.EventFiringWebDriver.getScreenshotAs(EventFiringWebDriver.java:302)
at com.eurofins.util.TestUtil.takeScreenshotAtEndOfTest(TestUtil.java:76)
at com.eurofins.util.WebEventListener.onException(WebEventListener.java:66)
at sun.reflect.GeneratedMethodAccessor1.invoke(Unknown Source)
at sun.reflect.DelegatingMethodAccessorImpl.invoke(Unknown Source)
at java.lang.reflect.Method.invoke(Unknown Source)
at org.openqa.selenium.support.events.EventFiringWebDriver.lambda$new$0(EventFiringWebDriver.java:84)
at com.sun.proxy.$Proxy7.onException(Unknown Source)
at org.openqa.selenium.support.events.EventFiringWebDriver.lambda$new$1(EventFiringWebDriver.java:107)
at com.sun.proxy.$Proxy8.getScreenshotAs(Unknown Source)
at org.openqa.selenium.support.events.EventFiringWebDriver.getScreenshotAs(EventFiringWebDriver.java:302)
at com.eurofins.util.TestUtil.takeScreenshotAtEndOfTest(TestUtil.java:76)
at com.eurofins.util.WebEventListener.onException(WebEventListener.java:66)
at sun.reflect.GeneratedMethodAccessor1.invoke(Unknown Source)
at sun.reflect.DelegatingMethodAccessorImpl.invoke(Unknown Source)
at java.lang.reflect.Method.invoke(Unknown Source)
at org.openqa.selenium.support.events.EventFiringWebDriver.lambda$new$0(EventFiringWebDriver.java:84)
at com.sun.proxy.$Proxy7.onException(Unknown Source)
at org.openqa.selenium.support.events.EventFiringWebDriver.lambda$new$1(EventFiringWebDriver.java:107)
at com.sun.proxy.$Proxy8.getScreenshotAs(Unknown Source)
at org.openqa.selenium.support.events.EventFiringWebDriver.getScreenshotAs(EventFiringWebDriver.java:302)
at com.eurofins.util.TestUtil.takeScreenshotAtEndOfTest(TestUtil.java:76)
at com.eurofins.util.WebEventListener.onException(WebEventListener.java:66)
at sun.reflect.GeneratedMethodAccessor1.invoke(Unknown Source)
at sun.reflect.DelegatingMethodAccessorImpl.invoke(Unknown Source)
at java.lang.reflect.Method.invoke(Unknown Source)
at org.openqa.selenium.support.events.EventFiringWebDriver.lambda$new$0(EventFiringWebDriver.java:84)
at com.sun.proxy.$Proxy7.onException(Unknown Source)
at org.openqa.selenium.support.events.EventFiringWebDriver.lambda$new$1(EventFiringWebDriver.java:107)
at com.sun.proxy.$Proxy8.getScreenshotAs(Unknown Source)
at org.openqa.selenium.support.events.EventFiringWebDriver.getScreenshotAs(EventFiringWebDriver.java:302)
at com.eurofins.util.TestUtil.takeScreenshotAtEndOfTest(TestUtil.java:76)
at com.eurofins.util.WebEventListener.onException(WebEventListener.java:66)
at sun.reflect.GeneratedMethodAccessor1.invoke(Unknown Source)
at sun.reflect.DelegatingMethodAccessorImpl.invoke(Unknown Source)
at java.lang.reflect.Method.invoke(Unknown Source)
at org.openqa.selenium.support.events.EventFiringWebDriver.lambda$new$0(EventFiringWebDriver.java:84)
at com.sun.proxy.$Proxy7.onException(Unknown Source)
at org.openqa.selenium.support.events.EventFiringWebDriver.lambda$new$1(EventFiringWebDriver.java:107)
at com.sun.proxy.$Proxy8.getScreenshotAs(Unknown Source)
at org.openqa.selenium.support.events.EventFiringWebDriver.getScreenshotAs(EventFiringWebDriver.java:302)
at com.eurofins.util.TestUtil.takeScreenshotAtEndOfTest(TestUtil.java:76)
at com.eurofins.util.WebEventListener.onException(WebEventListener.java:66)
at sun.reflect.GeneratedMethodAccessor1.invoke(Unknown Source)
at sun.reflect.DelegatingMethodAccessorImpl.invoke(Unknown Source)
at java.lang.reflect.Method.invoke(Unknown Source)
at org.openqa.selenium.support.events.EventFiringWebDriver.lambda$new$0(EventFiringWebDriver.java:84)
at com.sun.proxy.$Proxy7.onException(Unknown Source)
at org.openqa.selenium.support.events.EventFiringWebDriver.lambda$new$1(EventFiringWebDriver.java:107)
at com.sun.proxy.$Proxy8.getScreenshotAs(Unknown Source)
at org.openqa.selenium.support.events.EventFiringWebDriver.getScreenshotAs(EventFiringWebDriver.java:302)
at com.eurofins.util.TestUtil.takeScreenshotAtEndOfTest(TestUtil.java:76)
at com.eurofins.util.WebEventListener.onException(WebEventListener.java:66)
at sun.reflect.GeneratedMethodAccessor1.invoke(Unknown Source)
at sun.reflect.DelegatingMethodAccessorImpl.invoke(Unknown Source)
at java.lang.reflect.Method.invoke(Unknown Source)
at org.openqa.selenium.support.events.EventFiringWebDriver.lambda$new$0(EventFiringWebDriver.java:84)
at com.sun.proxy.$Proxy7.onException(Unknown Source)
at org.openqa.selenium.support.events.EventFiringWebDriver.lambda$new$1(EventFiringWebDriver.java:107)
at com.sun.proxy.$Proxy8.getScreenshotAs(Unknown Source)
at org.openqa.selenium.support.events.EventFiringWebDriver.getScreenshotAs(EventFiringWebDriver.java:302)
at com.eurofins.util.TestUtil.takeScreenshotAtEndOfTest(TestUtil.java:76)
at com.eurofins.util.WebEventListener.onException(WebEventListener.java:66)
at sun.reflect.GeneratedMethodAccessor1.invoke(Unknown Source)
at sun.reflect.DelegatingMethodAccessorImpl.invoke(Unknown Source)
at java.lang.reflect.Method.invoke(Unknown Source)
at org.openqa.selenium.support.events.EventFiringWebDriver.lambda$new$0(EventFiringWebDriver.java:84)
at com.sun.proxy.$Proxy7.onException(Unknown Source)
at org.openqa.selenium.support.events.EventFiringWebDriver.lambda$new$1(EventFiringWebDriver.java:107)
at com.sun.proxy.$Proxy8.getScreenshotAs(Unknown Source)
at org.openqa.selenium.support.events.EventFiringWebDriver.getScreenshotAs(EventFiringWebDriver.java:302)
at com.eurofins.util.TestUtil.takeScreenshotAtEndOfTest(TestUtil.java:76)
at com.eurofins.util.WebEventListener.onException(WebEventListener.java:66)
at sun.reflect.GeneratedMethodAccessor1.invoke(Unknown Source)
at sun.reflect.DelegatingMethodAccessorImpl.invoke(Unknown Source)
at java.lang.reflect.Method.invoke(Unknown Source)
at org.openqa.selenium.support.events.EventFiringWebDriver.lambda$new$0(EventFiringWebDriver.java:84)
at com.sun.proxy.$Proxy7.onException(Unknown Source)
at org.openqa.selenium.support.events.EventFiringWebDriver.lambda$new$1(EventFiringWebDriver.java:107)
at com.sun.proxy.$Proxy8.getScreenshotAs(Unknown Source)
at org.openqa.selenium.support.events.EventFiringWebDriver.getScreenshotAs(EventFiringWebDriver.java:302)
at com.eurofins.util.TestUtil.takeScreenshotAtEndOfTest(TestUtil.java:76)
at com.eurofins.util.WebEventListener.onException(WebEventListener.java:66)
at sun.reflect.GeneratedMethodAccessor1.invoke(Unknown Source)
at sun.reflect.DelegatingMethodAccessorImpl.invoke(Unknown Source)
at java.lang.reflect.Method.invoke(Unknown Source)
at org.openqa.selenium.support.events.EventFiringWebDriver.lambda$new$0(EventFiringWebDriver.java:84)
at com.sun.proxy.$Proxy7.onException(Unknown Source)
at org.openqa.selenium.support.events.EventFiringWebDriver.lambda$new$1(EventFiringWebDriver.java:107)
at com.sun.proxy.$Proxy8.getScreenshotAs(Unknown Source)
at org.openqa.selenium.support.events.EventFiringWebDriver.getScreenshotAs(EventFiringWebDriver.java:302)
at com.eurofins.util.TestUtil.takeScreenshotAtEndOfTest(TestUtil.java:76)
at com.eurofins.util.WebEventListener.onException(WebEventListener.java:66)
at sun.reflect.GeneratedMethodAccessor1.invoke(Unknown Source)
at sun.reflect.DelegatingMethodAccessorImpl.invoke(Unknown Source)
at java.lang.reflect.Method.invoke(Unknown Source)
at org.openqa.selenium.support.events.EventFiringWebDriver.lambda$new$0(EventFiringWebDriver.java:84)
at com.sun.proxy.$Proxy7.onException(Unknown Source)
at org.openqa.selenium.support.events.EventFiringWebDriver.lambda$new$1(EventFiringWebDriver.java:107)
at com.sun.proxy.$Proxy8.getScreenshotAs(Unknown Source)
at org.openqa.selenium.support.events.EventFiringWebDriver.getScreenshotAs(EventFiringWebDriver.java:302)
at com.eurofins.util.TestUtil.takeScreenshotAtEndOfTest(TestUtil.java:76)
at com.eurofins.util.WebEventListener.onException(WebEventListener.java:66)
at sun.reflect.GeneratedMethodAccessor1.invoke(Unknown Source)
at sun.reflect.DelegatingMethodAccessorImpl.invoke(Unknown Source)
at java.lang.reflect.Method.invoke(Unknown Source)
at org.openqa.selenium.support.events.EventFiringWebDriver.lambda$new$0(EventFiringWebDriver.java:84)
at com.sun.proxy.$Proxy7.onException(Unknown Source)
at org.openqa.selenium.support.events.EventFiringWebDriver.lambda$new$1(EventFiringWebDriver.java:107)
at com.sun.proxy.$Proxy8.getScreenshotAs(Unknown Source)
at org.openqa.selenium.support.events.EventFiringWebDriver.getScreenshotAs(EventFiringWebDriver.java:302)
at com.eurofins.util.TestUtil.takeScreenshotAtEndOfTest(TestUtil.java:76)
at com.eurofins.util.WebEventListener.onException(WebEventListener.java:66)
at sun.reflect.GeneratedMethodAccessor1.invoke(Unknown Source)
at sun.reflect.DelegatingMethodAccessorImpl.invoke(Unknown Source)
at java.lang.reflect.Method.invoke(Unknown Source)
at org.openqa.selenium.support.events.EventFiringWebDriver.lambda$new$0(EventFiringWebDriver.java:84)
at com.sun.proxy.$Proxy7.onException(Unknown Source)
at org.openqa.selenium.support.events.EventFiringWebDriver.lambda$new$1(EventFiringWebDriver.java:107)
at com.sun.proxy.$Proxy8.getScreenshotAs(Unknown Source)
at org.openqa.selenium.support.events.EventFiringWebDriver.getScreenshotAs(EventFiringWebDriver.java:302)
at com.eurofins.util.TestUtil.takeScreenshotAtEndOfTest(TestUtil.java:76)
at com.eurofins.util.WebEventListener.onException(WebEventListener.java:66)
at sun.reflect.GeneratedMethodAccessor1.invoke(Unknown Source)
at sun.reflect.DelegatingMethodAccessorImpl.invoke(Unknown Source)
at java.lang.reflect.Method.invoke(Unknown Source)
at org.openqa.selenium.support.events.EventFiringWebDriver.lambda$new$0(EventFiringWebDriver.java:84)
at com.sun.proxy.$Proxy7.onException(Unknown Source)
at org.openqa.selenium.support.events.EventFiringWebDriver.lambda$new$1(EventFiringWebDriver.java:107)
at com.sun.proxy.$Proxy8.getScreenshotAs(Unknown Source)
at org.openqa.selenium.support.events.EventFiringWebDriver.getScreenshotAs(EventFiringWebDriver.java:302)
at com.eurofins.util.TestUtil.takeScreenshotAtEndOfTest(TestUtil.java:76)
at com.eurofins.util.WebEventListener.onException(WebEventListener.java:66)
at sun.reflect.GeneratedMethodAccessor1.invoke(Unknown Source)
at sun.reflect.DelegatingMethodAccessorImpl.invoke(Unknown Source)
at java.lang.reflect.Method.invoke(Unknown Source)
at org.openqa.selenium.support.events.EventFiringWebDriver.lambda$new$0(EventFiringWebDriver.java:84)
at com.sun.proxy.$Proxy7.onException(Unknown Source)
at org.openqa.selenium.support.events.EventFiringWebDriver.lambda$new$1(EventFiringWebDriver.java:107)
at com.sun.proxy.$Proxy8.getScreenshotAs(Unknown Source)
at org.openqa.selenium.support.events.EventFiringWebDriver.getScreenshotAs(EventFiringWebDriver.java:302)
at com.eurofins.util.TestUtil.takeScreenshotAtEndOfTest(TestUtil.java:76)
at com.eurofins.util.WebEventListener.onException(WebEventListener.java:66)
at sun.reflect.GeneratedMethodAccessor1.invoke(Unknown Source)
at sun.reflect.DelegatingMethodAccessorImpl.invoke(Unknown Source)
at java.lang.reflect.Method.invoke(Unknown Source)
at org.openqa.selenium.support.events.EventFiringWebDriver.lambda$new$0(EventFiringWebDriver.java:84)
at com.sun.proxy.$Proxy7.onException(Unknown Source)
at org.openqa.selenium.support.events.EventFiringWebDriver.lambda$new$1(EventFiringWebDriver.java:107)
at com.sun.proxy.$Proxy8.getScreenshotAs(Unknown Source)
at org.openqa.selenium.support.events.EventFiringWebDriver.getScreenshotAs(EventFiringWebDriver.java:302)
at com.eurofins.util.TestUtil.takeScreenshotAtEndOfTest(TestUtil.java:76)
at com.eurofins.util.WebEventListener.onException(WebEventListener.java:66)
at sun.reflect.GeneratedMethodAccessor1.invoke(Unknown Source)
at sun.reflect.DelegatingMethodAccessorImpl.invoke(Unknown Source)
at java.lang.reflect.Method.invoke(Unknown Source)
at org.openqa.selenium.support.events.EventFiringWebDriver.lambda$new$0(EventFiringWebDriver.java:84)
at com.sun.proxy.$Proxy7.onException(Unknown Source)
at org.openqa.selenium.support.events.EventFiringWebDriver.lambda$new$1(EventFiringWebDriver.java:107)
at com.sun.proxy.$Proxy8.getScreenshotAs(Unknown Source)
at org.openqa.selenium.support.events.EventFiringWebDriver.getScreenshotAs(EventFiringWebDriver.java:302)
at com.eurofins.util.TestUtil.takeScreenshotAtEndOfTest(TestUtil.java:76)
at com.eurofins.util.WebEventListener.onException(WebEventListener.java:66)
at sun.reflect.GeneratedMethodAccessor1.invoke(Unknown Source)
at sun.reflect.DelegatingMethodAccessorImpl.invoke(Unknown Source)
at java.lang.reflect.Method.invoke(Unknown Source)
at org.openqa.selenium.support.events.EventFiringWebDriver.lambda$new$0(EventFiringWebDriver.java:84)
at com.sun.proxy.$Proxy7.onException(Unknown Source)
at org.openqa.selenium.support.events.EventFiringWebDriver.lambda$new$1(EventFiringWebDriver.java:107)
at com.sun.proxy.$Proxy8.getScreenshotAs(Unknown Source)
at org.openqa.selenium.support.events.EventFiringWebDriver.getScreenshotAs(EventFiringWebDriver.java:302)
at com.eurofins.util.TestUtil.takeScreenshotAtEndOfTest(TestUtil.java:76)
at com.eurofins.util.WebEventListener.onException(WebEventListener.java:66)
at sun.reflect.GeneratedMethodAccessor1.invoke(Unknown Source)
at sun.reflect.DelegatingMethodAccessorImpl.invoke(Unknown Source)
at java.lang.reflect.Method.invoke(Unknown Source)
at org.openqa.selenium.support.events.EventFiringWebDriver.lambda$new$0(EventFiringWebDriver.java:84)
at com.sun.proxy.$Proxy7.onException(Unknown Source)
at org.openqa.selenium.support.events.EventFiringWebDriver.lambda$new$1(EventFiringWebDriver.java:107)
at com.sun.proxy.$Proxy8.getScreenshotAs(Unknown Source)
at org.openqa.selenium.support.events.EventFiringWebDriver.getScreenshotAs(EventFiringWebDriver.java:302)
at com.eurofins.util.TestUtil.takeScreenshotAtEndOfTest(TestUtil.java:76)
at com.eurofins.util.WebEventListener.onException(WebEventListener.java:66)
at sun.reflect.GeneratedMethodAccessor1.invoke(Unknown Source)
at sun.reflect.DelegatingMethodAccessorImpl.invoke(Unknown Source)
at java.lang.reflect.Method.invoke(Unknown Source)
at org.openqa.selenium.support.events.EventFiringWebDriver.lambda$new$0(EventFiringWebDriver.java:84)
at com.sun.proxy.$Proxy7.onException(Unknown Source)
at org.openqa.selenium.support.events.EventFiringWebDriver.lambda$new$1(EventFiringWebDriver.java:107)
at com.sun.proxy.$Proxy8.getScreenshotAs(Unknown Source)
at org.openqa.selenium.support.events.EventFiringWebDriver.getScreenshotAs(EventFiringWebDriver.java:302)
at com.eurofins.util.TestUtil.takeScreenshotAtEndOfTest(TestUtil.java:76)
at com.eurofins.util.WebEventListener.onException(WebEventListener.java:66)
at sun.reflect.GeneratedMethodAccessor1.invoke(Unknown Source)
at sun.reflect.DelegatingMethodAccessorImpl.invoke(Unknown Source)
at java.lang.reflect.Method.invoke(Unknown Source)
at org.openqa.selenium.support.events.EventFiringWebDriver.lambda$new$0(EventFiringWebDriver.java:84)
at com.sun.proxy.$Proxy7.onException(Unknown Source)
at org.openqa.selenium.support.events.EventFiringWebDriver.lambda$new$1(EventFiringWebDriver.java:107)
at com.sun.proxy.$Proxy8.getScreenshotAs(Unknown Source)
at org.openqa.selenium.support.events.EventFiringWebDriver.getScreenshotAs(EventFiringWebDriver.java:302)
at com.eurofins.util.TestUtil.takeScreenshotAtEndOfTest(TestUtil.java:76)
at com.eurofins.util.WebEventListener.onException(WebEventListener.java:66)
at sun.reflect.GeneratedMethodAccessor1.invoke(Unknown Source)
at sun.reflect.DelegatingMethodAccessorImpl.invoke(Unknown Source)
at java.lang.reflect.Method.invoke(Unknown Source)
at org.openqa.selenium.support.events.EventFiringWebDriver.lambda$new$0(EventFiringWebDriver.java:84)
at com.sun.proxy.$Proxy7.onException(Unknown Source)
at org.openqa.selenium.support.events.EventFiringWebDriver.lambda$new$1(EventFiringWebDriver.java:107)
at com.sun.proxy.$Proxy8.getScreenshotAs(Unknown Source)
at org.openqa.selenium.support.events.EventFiringWebDriver.getScreenshotAs(EventFiringWebDriver.java:302)
at com.eurofins.util.TestUtil.takeScreenshotAtEndOfTest(TestUtil.java:76)
at com.eurofins.util.WebEventListener.onException(WebEventListener.java:66)
at sun.reflect.GeneratedMethodAccessor1.invoke(Unknown Source)
at sun.reflect.DelegatingMethodAccessorImpl.invoke(Unknown Source)
at java.lang.reflect.Method.invoke(Unknown Source)
at org.openqa.selenium.support.events.EventFiringWebDriver.lambda$new$0(EventFiringWebDriver.java:84)
at com.sun.proxy.$Proxy7.onException(Unknown Source)
at org.openqa.selenium.support.events.EventFiringWebDriver.lambda$new$1(EventFiringWebDriver.java:107)
at com.sun.proxy.$Proxy8.getScreenshotAs(Unknown Source)
at org.openqa.selenium.support.events.EventFiringWebDriver.getScreenshotAs(EventFiringWebDriver.java:302)
at com.eurofins.util.TestUtil.takeScreenshotAtEndOfTest(TestUtil.java:76)
at com.eurofins.util.WebEventListener.onException(WebEventListener.java:66)
at sun.reflect.GeneratedMethodAccessor1.invoke(Unknown Source)
at sun.reflect.DelegatingMethodAccessorImpl.invoke(Unknown Source)
at java.lang.reflect.Method.invoke(Unknown Source)
at org.openqa.selenium.support.events.EventFiringWebDriver.lambda$new$0(EventFiringWebDriver.java:84)
at com.sun.proxy.$Proxy7.onException(Unknown Source)
at org.openqa.selenium.support.events.EventFiringWebDriver.lambda$new$1(EventFiringWebDriver.java:107)
at com.sun.proxy.$Proxy8.getScreenshotAs(Unknown Source)
at org.openqa.selenium.support.events.EventFiringWebDriver.getScreenshotAs(EventFiringWebDriver.java:302)
at com.eurofins.util.TestUtil.takeScreenshotAtEndOfTest(TestUtil.java:76)
at com.eurofins.util.WebEventListener.onException(WebEventListener.java:66)
at sun.reflect.GeneratedMethodAccessor1.invoke(Unknown Source)
at sun.reflect.DelegatingMethodAccessorImpl.invoke(Unknown Source)
at java.lang.reflect.Method.invoke(Unknown Source)
at org.openqa.selenium.support.events.EventFiringWebDriver.lambda$new$0(EventFiringWebDriver.java:84)
at com.sun.proxy.$Proxy7.onException(Unknown Source)
at org.openqa.selenium.support.events.EventFiringWebDriver.lambda$new$1(EventFiringWebDriver.java:107)
at com.sun.proxy.$Proxy8.getScreenshotAs(Unknown Source)
at org.openqa.selenium.support.events.EventFiringWebDriver.getScreenshotAs(EventFiringWebDriver.java:302)
at com.eurofins.util.TestUtil.takeScreenshotAtEndOfTest(TestUtil.java:76)
at com.eurofins.util.WebEventListener.onException(WebEventListener.java:66)
at sun.reflect.GeneratedMethodAccessor1.invoke(Unknown Source)
at sun.reflect.DelegatingMethodAccessorImpl.invoke(Unknown Source)
at java.lang.reflect.Method.invoke(Unknown Source)
at org.openqa.selenium.support.events.EventFiringWebDriver.lambda$new$0(EventFiringWebDriver.java:84)
at com.sun.proxy.$Proxy7.onException(Unknown Source)
at org.openqa.selenium.support.events.EventFiringWebDriver.lambda$new$1(EventFiringWebDriver.java:107)
at com.sun.proxy.$Proxy8.getScreenshotAs(Unknown Source)
at org.openqa.selenium.support.events.EventFiringWebDriver.getScreenshotAs(EventFiringWebDriver.java:302)
at com.eurofins.util.TestUtil.takeScreenshotAtEndOfTest(TestUtil.java:76)
at com.eurofins.util.WebEventListener.onException(WebEventListener.java:66)
at sun.reflect.GeneratedMethodAccessor1.invoke(Unknown Source)
at sun.reflect.DelegatingMethodAccessorImpl.invoke(Unknown Source)
at java.lang.reflect.Method.invoke(Unknown Source)
at org.openqa.selenium.support.events.EventFiringWebDriver.lambda$new$0(EventFiringWebDriver.java:84)
at com.sun.proxy.$Proxy7.onException(Unknown Source)
at org.openqa.selenium.support.events.EventFiringWebDriver.lambda$new$1(EventFiringWebDriver.java:107)
at com.sun.proxy.$Proxy8.getScreenshotAs(Unknown Source)
at org.openqa.selenium.support.events.EventFiringWebDriver.getScreenshotAs(EventFiringWebDriver.java:302)
at com.eurofins.util.TestUtil.takeScreenshotAtEndOfTest(TestUtil.java:76)
at com.eurofins.util.WebEventListener.onException(WebEventListener.java:66)
at sun.reflect.GeneratedMethodAccessor1.invoke(Unknown Source)
at sun.reflect.DelegatingMethodAccessorImpl.invoke(Unknown Source)
at java.lang.reflect.Method.invoke(Unknown Source)
at org.openqa.selenium.support.events.EventFiringWebDriver.lambda$new$0(EventFiringWebDriver.java:84)
at com.sun.proxy.$Proxy7.onException(Unknown Source)
at org.openqa.selenium.support.events.EventFiringWebDriver.lambda$new$1(EventFiringWebDriver.java:107)
at com.sun.proxy.$Proxy8.getScreenshotAs(Unknown Source)
at org.openqa.selenium.support.events.EventFiringWebDriver.getScreenshotAs(EventFiringWebDriver.java:302)
at com.eurofins.util.TestUtil.takeScreenshotAtEndOfTest(TestUtil.java:76)
at com.eurofins.util.WebEventListener.onException(WebEventListener.java:66)
at sun.reflect.GeneratedMethodAccessor1.invoke(Unknown Source)
at sun.reflect.DelegatingMethodAccessorImpl.invoke(Unknown Source)
at java.lang.reflect.Method.invoke(Unknown Source)
at org.openqa.selenium.support.events.EventFiringWebDriver.lambda$new$0(EventFiringWebDriver.java:84)
at com.sun.proxy.$Proxy7.onException(Unknown Source)
at org.openqa.selenium.support.events.EventFiringWebDriver.lambda$new$1(EventFiringWebDriver.java:107)
at com.sun.proxy.$Proxy8.getScreenshotAs(Unknown Source)
at org.openqa.selenium.support.events.EventFiringWebDriver.getScreenshotAs(EventFiringWebDriver.java:302)
at com.eurofins.util.TestUtil.takeScreenshotAtEndOfTest(TestUtil.java:76)
at com.eurofins.util.WebEventListener.onException(WebEventListener.java:66)
at sun.reflect.GeneratedMethodAccessor1.invoke(Unknown Source)
at sun.reflect.DelegatingMethodAccessorImpl.invoke(Unknown Source)
at java.lang.reflect.Method.invoke(Unknown Source)
at org.openqa.selenium.support.events.EventFiringWebDriver.lambda$new$0(EventFiringWebDriver.java:84)
at com.sun.proxy.$Proxy7.onException(Unknown Source)
at org.openqa.selenium.support.events.EventFiringWebDriver.lambda$new$1(EventFiringWebDriver.java:107)
at com.sun.proxy.$Proxy8.getScreenshotAs(Unknown Source)
at org.openqa.selenium.support.events.EventFiringWebDriver.getScreenshotAs(EventFiringWebDriver.java:302)
at com.eurofins.util.TestUtil.takeScreenshotAtEndOfTest(TestUtil.java:76)
at com.eurofins.util.WebEventListener.onException(WebEventListener.java:66)
at sun.reflect.GeneratedMethodAccessor1.invoke(Unknown Source)
at sun.reflect.DelegatingMethodAccessorImpl.invoke(Unknown Source)
at java.lang.reflect.Method.invoke(Unknown Source)
at org.openqa.selenium.support.events.EventFiringWebDriver.lambda$new$0(EventFiringWebDriver.java:84)
at com.sun.proxy.$Proxy7.onException(Unknown Source)
at org.openqa.selenium.support.events.EventFiringWebDriver.lambda$new$1(EventFiringWebDriver.java:107)
at com.sun.proxy.$Proxy8.getScreenshotAs(Unknown Source)
at org.openqa.selenium.support.events.EventFiringWebDriver.getScreenshotAs(EventFiringWebDriver.java:302)
at com.eurofins.util.TestUtil.takeScreenshotAtEndOfTest(TestUtil.java:76)
at com.eurofins.util.WebEventListener.onException(WebEventListener.java:66)
at sun.reflect.GeneratedMethodAccessor1.invoke(Unknown Source)
at sun.reflect.DelegatingMethodAccessorImpl.invoke(Unknown Source)
at java.lang.reflect.Method.invoke(Unknown Source)
at org.openqa.selenium.support.events.EventFiringWebDriver.lambda$new$0(EventFiringWebDriver.java:84)
at com.sun.proxy.$Proxy7.onException(Unknown Source)
at org.openqa.selenium.support.events.EventFiringWebDriver.lambda$new$1(EventFiringWebDriver.java:107)
at com.sun.proxy.$Proxy8.getScreenshotAs(Unknown Source)
at org.openqa.selenium.support.events.EventFiringWebDriver.getScreenshotAs(EventFiringWebDriver.java:302)
at com.eurofins.util.TestUtil.takeScreenshotAtEndOfTest(TestUtil.java:76)
at com.eurofins.util.WebEventListener.onException(WebEventListener.java:66)
at sun.reflect.GeneratedMethodAccessor1.invoke(Unknown Source)
at sun.reflect.DelegatingMethodAccessorImpl.invoke(Unknown Source)
at java.lang.reflect.Method.invoke(Unknown Source)
at org.openqa.selenium.support.events.EventFiringWebDriver.lambda$new$0(EventFiringWebDriver.java:84)
at com.sun.proxy.$Proxy7.onException(Unknown Source)
at org.openqa.selenium.support.events.EventFiringWebDriver.lambda$new$1(EventFiringWebDriver.java:107)
at com.sun.proxy.$Proxy8.getScreenshotAs(Unknown Source)
at org.openqa.selenium.support.events.EventFiringWebDriver.getScreenshotAs(EventFiringWebDriver.java:302)
at com.eurofins.util.TestUtil.takeScreenshotAtEndOfTest(TestUtil.java:76)
at com.eurofins.util.WebEventListener.onException(WebEventListener.java:66)
at sun.reflect.GeneratedMethodAccessor1.invoke(Unknown Source)
at sun.reflect.DelegatingMethodAccessorImpl.invoke(Unknown Source)
at java.lang.reflect.Method.invoke(Unknown Source)
at org.openqa.selenium.support.events.EventFiringWebDriver.lambda$new$0(EventFiringWebDriver.java:84)
at com.sun.proxy.$Proxy7.onException(Unknown Source)
at org.openqa.selenium.support.events.EventFiringWebDriver.lambda$new$1(EventFiringWebDriver.java:107)
at com.sun.proxy.$Proxy8.getScreenshotAs(Unknown Source)
at org.openqa.selenium.support.events.EventFiringWebDriver.getScreenshotAs(EventFiringWebDriver.java:302)
at com.eurofins.util.TestUtil.takeScreenshotAtEndOfTest(TestUtil.java:76)
at com.eurofins.util.WebEventListener.onException(WebEventListener.java:66)
at sun.reflect.GeneratedMethodAccessor1.invoke(Unknown Source)
at sun.reflect.DelegatingMethodAccessorImpl.invoke(Unknown Source)
at java.lang.reflect.Method.invoke(Unknown Source)
at org.openqa.selenium.support.events.EventFiringWebDriver.lambda$new$0(EventFiringWebDriver.java:84)
at com.sun.proxy.$Proxy7.onException(Unknown Source)
at org.openqa.selenium.support.events.EventFiringWebDriver.lambda$new$1(EventFiringWebDriver.java:107)
at com.sun.proxy.$Proxy8.getScreenshotAs(Unknown Source)
at org.openqa.selenium.support.events.EventFiringWebDriver.getScreenshotAs(EventFiringWebDriver.java:302)
at com.eurofins.util.TestUtil.takeScreenshotAtEndOfTest(TestUtil.java:76)
at com.eurofins.util.WebEventListener.onException(WebEventListener.java:66)
at sun.reflect.GeneratedMethodAccessor1.invoke(Unknown Source)
at sun.reflect.DelegatingMethodAccessorImpl.invoke(Unknown Source)
at java.lang.reflect.Method.invoke(Unknown Source)
at org.openqa.selenium.support.events.EventFiringWebDriver.lambda$new$0(EventFiringWebDriver.java:84)
at com.sun.proxy.$Proxy7.onException(Unknown Source)
at org.openqa.selenium.support.events.EventFiringWebDriver.lambda$new$1(EventFiringWebDriver.java:107)
at com.sun.proxy.$Proxy8.getScreenshotAs(Unknown Source)
at org.openqa.selenium.support.events.EventFiringWebDriver.getScreenshotAs(EventFiringWebDriver.java:302)
at com.eurofins.util.TestUtil.takeScreenshotAtEndOfTest(TestUtil.java:76)
at com.eurofins.util.WebEventListener.onException(WebEventListener.java:66)
at sun.reflect.GeneratedMethodAccessor1.invoke(Unknown Source)
at sun.reflect.DelegatingMethodAccessorImpl.invoke(Unknown Source)
at java.lang.reflect.Method.invoke(Unknown Source)
at org.openqa.selenium.support.events.EventFiringWebDriver.lambda$new$0(EventFiringWebDriver.java:84)
at com.sun.proxy.$Proxy7.onException(Unknown Source)
at org.openqa.selenium.support.events.EventFiringWebDriver.lambda$new$1(EventFiringWebDriver.java:107)
at com.sun.proxy.$Proxy8.getScreenshotAs(Unknown Source)
at org.openqa.selenium.support.events.EventFiringWebDriver.getScreenshotAs(EventFiringWebDriver.java:302)
at com.eurofins.util.TestUtil.takeScreenshotAtEndOfTest(TestUtil.java:76)
at com.eurofins.util.WebEventListener.onException(WebEventListener.java:66)
at sun.reflect.GeneratedMethodAccessor1.invoke(Unknown Source)
at sun.reflect.DelegatingMethodAccessorImpl.invoke(Unknown Source)
at java.lang.reflect.Method.invoke(Unknown Source)
at org.openqa.selenium.support.events.EventFiringWebDriver.lambda$new$0(EventFiringWebDriver.java:84)
at com.sun.proxy.$Proxy7.onException(Unknown Source)
at org.openqa.selenium.support.events.EventFiringWebDriver.lambda$new$1(EventFiringWebDriver.java:107)
at com.sun.proxy.$Proxy8.getScreenshotAs(Unknown Source)
at org.openqa.selenium.support.events.EventFiringWebDriver.getScreenshotAs(EventFiringWebDriver.java:302)
at com.eurofins.util.TestUtil.takeScreenshotAtEndOfTest(TestUtil.java:76)
at com.eurofins.util.WebEventListener.onException(WebEventListener.java:66)
at sun.reflect.GeneratedMethodAccessor1.invoke(Unknown Source)
at sun.reflect.DelegatingMethodAccessorImpl.invoke(Unknown Source)
at java.lang.reflect.Method.invoke(Unknown Source)
at org.openqa.selenium.support.events.EventFiringWebDriver.lambda$new$0(EventFiringWebDriver.java:84)
at com.sun.proxy.$Proxy7.onException(Unknown Source)
at org.openqa.selenium.support.events.EventFiringWebDriver.lambda$new$1(EventFiringWebDriver.java:107)
at com.sun.proxy.$Proxy8.getScreenshotAs(Unknown Source)
at org.openqa.selenium.support.events.EventFiringWebDriver.getScreenshotAs(EventFiringWebDriver.java:302)
at com.eurofins.util.TestUtil.takeScreenshotAtEndOfTest(TestUtil.java:76)
at com.eurofins.util.WebEventListener.onException(WebEventListener.java:66)
at sun.reflect.GeneratedMethodAccessor1.invoke(Unknown Source)
at sun.reflect.DelegatingMethodAccessorImpl.invoke(Unknown Source)
at java.lang.reflect.Method.invoke(Unknown Source)
at org.openqa.selenium.support.events.EventFiringWebDriver.lambda$new$0(EventFiringWebDriver.java:84)
at com.sun.proxy.$Proxy7.onException(Unknown Source)
at org.openqa.selenium.support.events.EventFiringWebDriver.lambda$new$1(EventFiringWebDriver.java:107)
at com.sun.proxy.$Proxy8.getScreenshotAs(Unknown Source)
at org.openqa.selenium.support.events.EventFiringWebDriver.getScreenshotAs(EventFiringWebDriver.java:302)
at com.eurofins.util.TestUtil.takeScreenshotAtEndOfTest(TestUtil.java:76)
at com.eurofins.util.WebEventListener.onException(WebEventListener.java:66)
at sun.reflect.GeneratedMethodAccessor1.invoke(Unknown Source)
at sun.reflect.DelegatingMethodAccessorImpl.invoke(Unknown Source)
at java.lang.reflect.Method.invoke(Unknown Source)
at org.openqa.selenium.support.events.EventFiringWebDriver.lambda$new$0(EventFiringWebDriver.java:84)
at com.sun.proxy.$Proxy7.onException(Unknown Source)
at org.openqa.selenium.support.events.EventFiringWebDriver.lambda$new$1(EventFiringWebDriver.java:107)
at com.sun.proxy.$Proxy8.getScreenshotAs(Unknown Source)
at org.openqa.selenium.support.events.EventFiringWebDriver.getScreenshotAs(EventFiringWebDriver.java:302)
at com.eurofins.util.TestUtil.takeScreenshotAtEndOfTest(TestUtil.java:76)
at com.eurofins.util.WebEventListener.onException(WebEventListener.java:66)
at sun.reflect.GeneratedMethodAccessor1.invoke(Unknown Source)
at sun.reflect.DelegatingMethodAccessorImpl.invoke(Unknown Source)
at java.lang.reflect.Method.invoke(Unknown Source)
at org.openqa.selenium.support.events.EventFiringWebDriver.lambda$new$0(EventFiringWebDriver.java:84)
at com.sun.proxy.$Proxy7.onException(Unknown Source)
at org.openqa.selenium.support.events.EventFiringWebDriver.lambda$new$1(EventFiringWebDriver.java:107)
at com.sun.proxy.$Proxy8.getScreenshotAs(Unknown Source)
at org.openqa.selenium.support.events.EventFiringWebDriver.getScreenshotAs(EventFiringWebDriver.java:302)
at com.eurofins.util.TestUtil.takeScreenshotAtEndOfTest(TestUtil.java:76)
at com.eurofins.util.WebEventListener.onException(WebEventListener.java:66)
at sun.reflect.GeneratedMethodAccessor1.invoke(Unknown Source)
at sun.reflect.DelegatingMethodAccessorImpl.invoke(Unknown Source)
at java.lang.reflect.Method.invoke(Unknown Source)
at org.openqa.selenium.support.events.EventFiringWebDriver.lambda$new$0(EventFiringWebDriver.java:84)
at com.sun.proxy.$Proxy7.onException(Unknown Source)
at org.openqa.selenium.support.events.EventFiringWebDriver.lambda$new$1(EventFiringWebDriver.java:107)
at com.sun.proxy.$Proxy8.getScreenshotAs(Unknown Source)
at org.openqa.selenium.support.events.EventFiringWebDriver.getScreenshotAs(EventFiringWebDriver.java:302)
at com.eurofins.util.TestUtil.takeScreenshotAtEndOfTest(TestUtil.java:76)
at com.eurofins.util.WebEventListener.onException(WebEventListener.java:66)
at sun.reflect.GeneratedMethodAccessor1.invoke(Unknown Source)
at sun.reflect.DelegatingMethodAccessorImpl.invoke(Unknown Source)
at java.lang.reflect.Method.invoke(Unknown Source)
at org.openqa.selenium.support.events.EventFiringWebDriver.lambda$new$0(EventFiringWebDriver.java:84)
at com.sun.proxy.$Proxy7.onException(Unknown Source)
at org.openqa.selenium.support.events.EventFiringWebDriver.lambda$new$1(EventFiringWebDriver.java:107)
at com.sun.proxy.$Proxy8.getScreenshotAs(Unknown Source)
at org.openqa.selenium.support.events.EventFiringWebDriver.getScreenshotAs(EventFiringWebDriver.java:302)
at com.eurofins.util.TestUtil.takeScreenshotAtEndOfTest(TestUtil.java:76)
at com.eurofins.util.WebEventListener.onException(WebEventListener.java:66)
at sun.reflect.GeneratedMethodAccessor1.invoke(Unknown Source)
at sun.reflect.DelegatingMethodAccessorImpl.invoke(Unknown Source)
at java.lang.reflect.Method.invoke(Unknown Source)
at org.openqa.selenium.support.events.EventFiringWebDriver.lambda$new$0(EventFiringWebDriver.java:84)
at com.sun.proxy.$Proxy7.onException(Unknown Source)
at org.openqa.selenium.support.events.EventFiringWebDriver.lambda$new$1(EventFiringWebDriver.java:107)
at com.sun.proxy.$Proxy8.getScreenshotAs(Unknown Source)
at org.openqa.selenium.support.events.EventFiringWebDriver.getScreenshotAs(EventFiringWebDriver.java:302)
at com.eurofins.util.TestUtil.takeScreenshotAtEndOfTest(TestUtil.java:76)
at com.eurofins.util.WebEventListener.onException(WebEventListener.java:66)
at sun.reflect.GeneratedMethodAccessor1.invoke(Unknown Source)
at sun.reflect.DelegatingMethodAccessorImpl.invoke(Unknown Source)
at java.lang.reflect.Method.invoke(Unknown Source)
at org.openqa.selenium.support.events.EventFiringWebDriver.lambda$new$0(EventFiringWebDriver.java:84)
at com.sun.proxy.$Proxy7.onException(Unknown Source)
at org.openqa.selenium.support.events.EventFiringWebDriver.lambda$new$1(EventFiringWebDriver.java:107)
at com.sun.proxy.$Proxy8.getScreenshotAs(Unknown Source)
at org.openqa.selenium.support.events.EventFiringWebDriver.getScreenshotAs(EventFiringWebDriver.java:302)
at com.eurofins.util.TestUtil.takeScreenshotAtEndOfTest(TestUtil.java:76)
at com.eurofins.util.WebEventListener.onException(WebEventListener.java:66)
at sun.reflect.GeneratedMethodAccessor1.invoke(Unknown Source)
at sun.reflect.DelegatingMethodAccessorImpl.invoke(Unknown Source)
at java.lang.reflect.Method.invoke(Unknown Source)
at org.openqa.selenium.support.events.EventFiringWebDriver.lambda$new$0(EventFiringWebDriver.java:84)
at com.sun.proxy.$Proxy7.onException(Unknown Source)
at org.openqa.selenium.support.events.EventFiringWebDriver.lambda$new$1(EventFiringWebDriver.java:107)
at com.sun.proxy.$Proxy8.getScreenshotAs(Unknown Source)
at org.openqa.selenium.support.events.EventFiringWebDriver.getScreenshotAs(EventFiringWebDriver.java:302)
at com.eurofins.util.TestUtil.takeScreenshotAtEndOfTest(TestUtil.java:76)
at com.eurofins.util.WebEventListener.onException(WebEventListener.java:66)
at sun.reflect.GeneratedMethodAccessor1.invoke(Unknown Source)
at sun.reflect.DelegatingMethodAccessorImpl.invoke(Unknown Source)
at java.lang.reflect.Method.invoke(Unknown Source)
at org.openqa.selenium.support.events.EventFiringWebDriver.lambda$new$0(EventFiringWebDriver.java:84)
at com.sun.proxy.$Proxy7.onException(Unknown Source)
at org.openqa.selenium.support.events.EventFiringWebDriver.lambda$new$1(EventFiringWebDriver.java:107)
at com.sun.proxy.$Proxy8.getScreenshotAs(Unknown Source)
at org.openqa.selenium.support.events.EventFiringWebDriver.getScreenshotAs(EventFiringWebDriver.java:302)
at com.eurofins.util.TestUtil.takeScreenshotAtEndOfTest(TestUtil.java:76)
at com.eurofins.util.WebEventListener.onException(WebEventListener.java:66)
at sun.reflect.GeneratedMethodAccessor1.invoke(Unknown Source)
at sun.reflect.DelegatingMethodAccessorImpl.invoke(Unknown Source)
at java.lang.reflect.Method.invoke(Unknown Source)
at org.openqa.selenium.support.events.EventFiringWebDriver.lambda$new$0(EventFiringWebDriver.java:84)
at com.sun.proxy.$Proxy7.onException(Unknown Source)
at org.openqa.selenium.support.events.EventFiringWebDriver.lambda$new$1(EventFiringWebDriver.java:107)
at com.sun.proxy.$Proxy8.getScreenshotAs(Unknown Source)
at org.openqa.selenium.support.events.EventFiringWebDriver.getScreenshotAs(EventFiringWebDriver.java:302)
at com.eurofins.util.TestUtil.takeScreenshotAtEndOfTest(TestUtil.java:76)
at com.eurofins.util.WebEventListener.onException(WebEventListener.java:66)
at sun.reflect.GeneratedMethodAccessor1.invoke(Unknown Source)
at sun.reflect.DelegatingMethodAccessorImpl.invoke(Unknown Source)
at java.lang.reflect.Method.invoke(Unknown Source)
at org.openqa.selenium.support.events.EventFiringWebDriver.lambda$new$0(EventFiringWebDriver.java:84)
at com.sun.proxy.$Proxy7.onException(Unknown Source)
at org.openqa.selenium.support.events.EventFiringWebDriver.lambda$new$1(EventFiringWebDriver.java:107)
at com.sun.proxy.$Proxy8.getScreenshotAs(Unknown Source)
at org.openqa.selenium.support.events.EventFiringWebDriver.getScreenshotAs(EventFiringWebDriver.java:302)
at com.eurofins.util.TestUtil.takeScreenshotAtEndOfTest(TestUtil.java:76)
at com.eurofins.util.WebEventListener.onException(WebEventListener.java:66)
at sun.reflect.GeneratedMethodAccessor1.invoke(Unknown Source)
at sun.reflect.DelegatingMethodAccessorImpl.invoke(Unknown Source)
at java.lang.reflect.Method.invoke(Unknown Source)
at org.openqa.selenium.support.events.EventFiringWebDriver.lambda$new$0(EventFiringWebDriver.java:84)
at com.sun.proxy.$Proxy7.onException(Unknown Source)
at org.openqa.selenium.support.events.EventFiringWebDriver.lambda$new$1(EventFiringWebDriver.java:107)
at com.sun.proxy.$Proxy8.getScreenshotAs(Unknown Source)
at org.openqa.selenium.support.events.EventFiringWebDriver.getScreenshotAs(EventFiringWebDriver.java:302)
at com.eurofins.util.TestUtil.takeScreenshotAtEndOfTest(TestUtil.java:76)
at com.eurofins.util.WebEventListener.onException(WebEventListener.java:66)
at sun.reflect.GeneratedMethodAccessor1.invoke(Unknown Source)
at sun.reflect.DelegatingMethodAccessorImpl.invoke(Unknown Source)
at java.lang.reflect.Method.invoke(Unknown Source)
at org.openqa.selenium.support.events.EventFiringWebDriver.lambda$new$0(EventFiringWebDriver.java:84)
at com.sun.proxy.$Proxy7.onException(Unknown Source)
at org.openqa.selenium.support.events.EventFiringWebDriver.lambda$new$1(EventFiringWebDriver.java:107)
at com.sun.proxy.$Proxy8.getScreenshotAs(Unknown Source)
at org.openqa.selenium.support.events.EventFiringWebDriver.getScreenshotAs(EventFiringWebDriver.java:302)
at com.eurofins.util.TestUtil.takeScreenshotAtEndOfTest(TestUtil.java:76)
at com.eurofins.util.WebEventListener.onException(WebEventListener.java:66)
at sun.reflect.GeneratedMethodAccessor1.invoke(Unknown Source)
at sun.reflect.DelegatingMethodAccessorImpl.invoke(Unknown Source)
at java.lang.reflect.Method.invoke(Unknown Source)
at org.openqa.selenium.support.events.EventFiringWebDriver.lambda$new$0(EventFiringWebDriver.java:84)
at com.sun.proxy.$Proxy7.onException(Unknown Source)
at org.openqa.selenium.support.events.EventFiringWebDriver.lambda$new$1(EventFiringWebDriver.java:107)
at com.sun.proxy.$Proxy8.getScreenshotAs(Unknown Source)
at org.openqa.selenium.support.events.EventFiringWebDriver.getScreenshotAs(EventFiringWebDriver.java:302)
at com.eurofins.util.TestUtil.takeScreenshotAtEndOfTest(TestUtil.java:76)
at com.eurofins.util.WebEventListener.onException(WebEventListener.java:66)
at sun.reflect.GeneratedMethodAccessor1.invoke(Unknown Source)
at sun.reflect.DelegatingMethodAccessorImpl.invoke(Unknown Source)
at java.lang.reflect.Method.invoke(Unknown Source)
at org.openqa.selenium.support.events.EventFiringWebDriver.lambda$new$0(EventFiringWebDriver.java:84)
at com.sun.proxy.$Proxy7.onException(Unknown Source)
at org.openqa.selenium.support.events.EventFiringWebDriver.lambda$new$1(EventFiringWebDriver.java:107)
at com.sun.proxy.$Proxy8.getScreenshotAs(Unknown Source)
at org.openqa.selenium.support.events.EventFiringWebDriver.getScreenshotAs(EventFiringWebDriver.java:302)
at com.eurofins.util.TestUtil.takeScreenshotAtEndOfTest(TestUtil.java:76)
at com.eurofins.util.WebEventListener.onException(WebEventListener.java:66)
at sun.reflect.GeneratedMethodAccessor1.invoke(Unknown Source)
at sun.reflect.DelegatingMethodAccessorImpl.invoke(Unknown Source)
at java.lang.reflect.Method.invoke(Unknown Source)
at org.openqa.selenium.support.events.EventFiringWebDriver.lambda$new$0(EventFiringWebDriver.java:84)
at com.sun.proxy.$Proxy7.onException(Unknown Source)
at org.openqa.selenium.support.events.EventFiringWebDriver.lambda$new$1(EventFiringWebDriver.java:107)
at com.sun.proxy.$Proxy8.getScreenshotAs(Unknown Source)
at org.openqa.selenium.support.events.EventFiringWebDriver.getScreenshotAs(EventFiringWebDriver.java:302)
at com.eurofins.util.TestUtil.takeScreenshotAtEndOfTest(TestUtil.java:76)
at com.eurofins.util.WebEventListener.onException(WebEventListener.java:66)
at sun.reflect.GeneratedMethodAccessor1.invoke(Unknown Source)
at sun.reflect.DelegatingMethodAccessorImpl.invoke(Unknown Source)
at java.lang.reflect.Method.invoke(Unknown Source)
at org.openqa.selenium.support.events.EventFiringWebDriver.lambda$new$0(EventFiringWebDriver.java:84)
at com.sun.proxy.$Proxy7.onException(Unknown Source)
at org.openqa.selenium.support.events.EventFiringWebDriver.lambda$new$1(EventFiringWebDriver.java:107)
at com.sun.proxy.$Proxy8.getScreenshotAs(Unknown Source)
at org.openqa.selenium.support.events.EventFiringWebDriver.getScreenshotAs(EventFiringWebDriver.java:302)
at com.eurofins.util.TestUtil.takeScreenshotAtEndOfTest(TestUtil.java:76)
at com.eurofins.util.WebEventListener.onException(WebEventListener.java:66)
at sun.reflect.GeneratedMethodAccessor1.invoke(Unknown Source)
at sun.reflect.DelegatingMethodAccessorImpl.invoke(Unknown Source)
at java.lang.reflect.Method.invoke(Unknown Source)
at org.openqa.selenium.support.events.EventFiringWebDriver.lambda$new$0(EventFiringWebDriver.java:84)
at com.sun.proxy.$Proxy7.onException(Unknown Source)
at org.openqa.selenium.support.events.EventFiringWebDriver.lambda$new$1(EventFiringWebDriver.java:107)
at com.sun.proxy.$Proxy8.getScreenshotAs(Unknown Source)
at org.openqa.selenium.support.events.EventFiringWebDriver.getScreenshotAs(EventFiringWebDriver.java:302)
at com.eurofins.util.TestUtil.takeScreenshotAtEndOfTest(TestUtil.java:76)
at com.eurofins.util.WebEventListener.onException(WebEventListener.java:66)
at sun.reflect.GeneratedMethodAccessor1.invoke(Unknown Source)
at sun.reflect.DelegatingMethodAccessorImpl.invoke(Unknown Source)
at java.lang.reflect.Method.invoke(Unknown Source)
at org.openqa.selenium.support.events.EventFiringWebDriver.lambda$new$0(EventFiringWebDriver.java:84)
at com.sun.proxy.$Proxy7.onException(Unknown Source)
at org.openqa.selenium.support.events.EventFiringWebDriver.lambda$new$1(EventFiringWebDriver.java:107)
at com.sun.proxy.$Proxy8.getScreenshotAs(Unknown Source)
at org.openqa.selenium.support.events.EventFiringWebDriver.getScreenshotAs(EventFiringWebDriver.java:302)
at com.eurofins.util.TestUtil.takeScreenshotAtEndOfTest(TestUtil.java:76)
at com.eurofins.util.WebEventListener.onException(WebEventListener.java:66)
at sun.reflect.GeneratedMethodAccessor1.invoke(Unknown Source)
at sun.reflect.DelegatingMethodAccessorImpl.invoke(Unknown Source)
at java.lang.reflect.Method.invoke(Unknown Source)
at org.openqa.selenium.support.events.EventFiringWebDriver.lambda$new$0(EventFiringWebDriver.java:84)
at com.sun.proxy.$Proxy7.onException(Unknown Source)
at org.openqa.selenium.support.events.EventFiringWebDriver.lambda$new$1(EventFiringWebDriver.java:107)
at com.sun.proxy.$Proxy8.getScreenshotAs(Unknown Source)
at org.openqa.selenium.support.events.EventFiringWebDriver.getScreenshotAs(EventFiringWebDriver.java:302)
at com.eurofins.util.TestUtil.takeScreenshotAtEndOfTest(TestUtil.java:76)
at com.eurofins.util.WebEventListener.onException(WebEventListener.java:66)
at sun.reflect.GeneratedMethodAccessor1.invoke(Unknown Source)
at sun.reflect.DelegatingMethodAccessorImpl.invoke(Unknown Source)
at java.lang.reflect.Method.invoke(Unknown Source)
at org.openqa.selenium.support.events.EventFiringWebDriver.lambda$new$0(EventFiringWebDriver.java:84)
at com.sun.proxy.$Proxy7.onException(Unknown Source)
at org.openqa.selenium.support.events.EventFiringWebDriver.lambda$new$1(EventFiringWebDriver.java:107)
at com.sun.proxy.$Proxy8.getScreenshotAs(Unknown Source)
at org.openqa.selenium.support.events.EventFiringWebDriver.getScreenshotAs(EventFiringWebDriver.java:302)
at com.eurofins.util.TestUtil.takeScreenshotAtEndOfTest(TestUtil.java:76)
at com.eurofins.util.WebEventListener.onException(WebEventListener.java:66)
at sun.reflect.GeneratedMethodAccessor1.invoke(Unknown Source)
at sun.reflect.DelegatingMethodAccessorImpl.invoke(Unknown Source)
at java.lang.reflect.Method.invoke(Unknown Source)
at org.openqa.selenium.support.events.EventFiringWebDriver.lambda$new$0(EventFiringWebDriver.java:84)
at com.sun.proxy.$Proxy7.onException(Unknown Source)
at org.openqa.selenium.support.events.EventFiringWebDriver.lambda$new$1(EventFiringWebDriver.java:107)
at com.sun.proxy.$Proxy8.getScreenshotAs(Unknown Source)
at org.openqa.selenium.support.events.EventFiringWebDriver.getScreenshotAs(EventFiringWebDriver.java:302)
at com.eurofins.util.TestUtil.takeScreenshotAtEndOfTest(TestUtil.java:76)
at com.eurofins.util.WebEventListener.onException(WebEventListener.java:66)
at sun.reflect.GeneratedMethodAccessor1.invoke(Unknown Source)
at sun.reflect.DelegatingMethodAccessorImpl.invoke(Unknown Source)
at java.lang.reflect.Method.invoke(Unknown Source)
at org.openqa.selenium.support.events.EventFiringWebDriver.lambda$new$0(EventFiringWebDriver.java:84)
at com.sun.proxy.$Proxy7.onException(Unknown Source)
at org.openqa.selenium.support.events.EventFiringWebDriver.lambda$new$1(EventFiringWebDriver.java:107)
at com.sun.proxy.$Proxy8.getScreenshotAs(Unknown Source)
at org.openqa.selenium.support.events.EventFiringWebDriver.getScreenshotAs(EventFiringWebDriver.java:302)
at com.eurofins.util.TestUtil.takeScreenshotAtEndOfTest(TestUtil.java:76)
at com.eurofins.util.WebEventListener.onException(WebEventListener.java:66)
at sun.reflect.GeneratedMethodAccessor1.invoke(Unknown Source)
at sun.reflect.DelegatingMethodAccessorImpl.invoke(Unknown Source)
at java.lang.reflect.Method.invoke(Unknown Source)
at org.openqa.selenium.support.events.EventFiringWebDriver.lambda$new$0(EventFiringWebDriver.java:84)
at com.sun.proxy.$Proxy7.onException(Unknown Source)
at org.openqa.selenium.support.events.EventFiringWebDriver.lambda$new$1(EventFiringWebDriver.java:107)
at com.sun.proxy.$Proxy8.getScreenshotAs(Unknown Source)
at org.openqa.selenium.support.events.EventFiringWebDriver.getScreenshotAs(EventFiringWebDriver.java:302)
at com.eurofins.util.TestUtil.takeScreenshotAtEndOfTest(TestUtil.java:76)
at com.eurofins.util.WebEventListener.onException(WebEventListener.java:66)
at sun.reflect.GeneratedMethodAccessor1.invoke(Unknown Source)
at sun.reflect.DelegatingMethodAccessorImpl.invoke(Unknown Source)
at java.lang.reflect.Method.invoke(Unknown Source)
at org.openqa.selenium.support.events.EventFiringWebDriver.lambda$new$0(EventFiringWebDriver.java:84)
at com.sun.proxy.$Proxy7.onException(Unknown Source)
at org.openqa.selenium.support.events.EventFiringWebDriver.lambda$new$1(EventFiringWebDriver.java:107)
at com.sun.proxy.$Proxy8.getScreenshotAs(Unknown Source)
at org.openqa.selenium.support.events.EventFiringWebDriver.getScreenshotAs(EventFiringWebDriver.java:302)
at com.eurofins.util.TestUtil.takeScreenshotAtEndOfTest(TestUtil.java:76)
at com.eurofins.util.WebEventListener.onException(WebEventListener.java:66)
at sun.reflect.GeneratedMethodAccessor1.invoke(Unknown Source)
at sun.reflect.DelegatingMethodAccessorImpl.invoke(Unknown Source)
at java.lang.reflect.Method.invoke(Unknown Source)
at org.openqa.selenium.support.events.EventFiringWebDriver.lambda$new$0(EventFiringWebDriver.java:84)
at com.sun.proxy.$Proxy7.onException(Unknown Source)
at org.openqa.selenium.support.events.EventFiringWebDriver.lambda$new$1(EventFiringWebDriver.java:107)
at com.sun.proxy.$Proxy8.getScreenshotAs(Unknown Source)
at org.openqa.selenium.support.events.EventFiringWebDriver.getScreenshotAs(EventFiringWebDriver.java:302)
at com.eurofins.util.TestUtil.takeScreenshotAtEndOfTest(TestUtil.java:76)
at com.eurofins.util.WebEventListener.onException(WebEventListener.java:66)
at sun.reflect.GeneratedMethodAccessor1.invoke(Unknown Source)
at sun.reflect.DelegatingMethodAccessorImpl.invoke(Unknown Source)
at java.lang.reflect.Method.invoke(Unknown Source)
at org.openqa.selenium.support.events.EventFiringWebDriver.lambda$new$0(EventFiringWebDriver.java:84)
at com.sun.proxy.$Proxy7.onException(Unknown Source)
at org.openqa.selenium.support.events.EventFiringWebDriver.lambda$new$1(EventFiringWebDriver.java:107)
at com.sun.proxy.$Proxy8.getScreenshotAs(Unknown Source)
at org.openqa.selenium.support.events.EventFiringWebDriver.getScreenshotAs(EventFiringWebDriver.java:302)
at com.eurofins.util.TestUtil.takeScreenshotAtEndOfTest(TestUtil.java:76)
at com.eurofins.util.WebEventListener.onException(WebEventListener.java:66)
at sun.reflect.GeneratedMethodAccessor1.invoke(Unknown Source)
at sun.reflect.DelegatingMethodAccessorImpl.invoke(Unknown Source)
at java.lang.reflect.Method.invoke(Unknown Source)
at org.openqa.selenium.support.events.EventFiringWebDriver.lambda$new$0(EventFiringWebDriver.java:84)
at com.sun.proxy.$Proxy7.onException(Unknown Source)
at org.openqa.selenium.support.events.EventFiringWebDriver.lambda$new$1(EventFiringWebDriver.java:107)
at com.sun.proxy.$Proxy8.getScreenshotAs(Unknown Source)
at org.openqa.selenium.support.events.EventFiringWebDriver.getScreenshotAs(EventFiringWebDriver.java:302)
at com.eurofins.util.TestUtil.takeScreenshotAtEndOfTest(TestUtil.java:76)
at com.eurofins.util.WebEventListener.onException(WebEventListener.java:66)
at sun.reflect.GeneratedMethodAccessor1.invoke(Unknown Source)
at sun.reflect.DelegatingMethodAccessorImpl.invoke(Unknown Source)
at java.lang.reflect.Method.invoke(Unknown Source)
at org.openqa.selenium.support.events.EventFiringWebDriver.lambda$new$0(EventFiringWebDriver.java:84)
at com.sun.proxy.$Proxy7.onException(Unknown Source)
at org.openqa.selenium.support.events.EventFiringWebDriver.lambda$new$1(EventFiringWebDriver.java:107)
at com.sun.proxy.$Proxy8.getScreenshotAs(Unknown Source)
at org.openqa.selenium.support.events.EventFiringWebDriver.getScreenshotAs(EventFiringWebDriver.java:302)
at com.eurofins.util.TestUtil.takeScreenshotAtEndOfTest(TestUtil.java:76)
at com.eurofins.util.WebEventListener.onException(WebEventListener.java:66)
at sun.reflect.GeneratedMethodAccessor1.invoke(Unknown Source)
at sun.reflect.DelegatingMethodAccessorImpl.invoke(Unknown Source)
at java.lang.reflect.Method.invoke(Unknown Source)
at org.openqa.selenium.support.events.EventFiringWebDriver.lambda$new$0(EventFiringWebDriver.java:84)
at com.sun.proxy.$Proxy7.onException(Unknown Source)
at org.openqa.selenium.support.events.EventFiringWebDriver.lambda$new$1(EventFiringWebDriver.java:107)
at com.sun.proxy.$Proxy8.getScreenshotAs(Unknown Source)
at org.openqa.selenium.support.events.EventFiringWebDriver.getScreenshotAs(EventFiringWebDriver.java:302)
at com.eurofins.util.TestUtil.takeScreenshotAtEndOfTest(TestUtil.java:76)
at com.eurofins.util.WebEventListener.onException(WebEventListener.java:66)
at sun.reflect.GeneratedMethodAccessor1.invoke(Unknown Source)
at sun.reflect.DelegatingMethodAccessorImpl.invoke(Unknown Source)
at java.lang.reflect.Method.invoke(Unknown Source)
at org.openqa.selenium.support.events.EventFiringWebDriver.lambda$new$0(EventFiringWebDriver.java:84)
at com.sun.proxy.$Proxy7.onException(Unknown Source)
at org.openqa.selenium.support.events.EventFiringWebDriver.lambda$new$1(EventFiringWebDriver.java:107)
at com.sun.proxy.$Proxy8.getScreenshotAs(Unknown Source)
at org.openqa.selenium.support.events.EventFiringWebDriver.getScreenshotAs(EventFiringWebDriver.java:302)
at com.eurofins.util.TestUtil.takeScreenshotAtEndOfTest(TestUtil.java:76)
at com.eurofins.util.WebEventListener.onException(WebEventListener.java:66)
at sun.reflect.GeneratedMethodAccessor1.invoke(Unknown Source)
at sun.reflect.DelegatingMethodAccessorImpl.invoke(Unknown Source)
at java.lang.reflect.Method.invoke(Unknown Source)
at org.openqa.selenium.support.events.EventFiringWebDriver.lambda$new$0(EventFiringWebDriver.java:84)
at com.sun.proxy.$Proxy7.onException(Unknown Source)
at org.openqa.selenium.support.events.EventFiringWebDriver.lambda$new$1(EventFiringWebDriver.java:107)
at com.sun.proxy.$Proxy8.getScreenshotAs(Unknown Source)
at org.openqa.selenium.support.events.EventFiringWebDriver.getScreenshotAs(EventFiringWebDriver.java:302)
at com.eurofins.util.TestUtil.takeScreenshotAtEndOfTest(TestUtil.java:76)
at com.eurofins.util.WebEventListener.onException(WebEventListener.java:66)
at sun.reflect.GeneratedMethodAccessor1.invoke(Unknown Source)
at sun.reflect.DelegatingMethodAccessorImpl.invoke(Unknown Source)
at java.lang.reflect.Method.invoke(Unknown Source)
at org.openqa.selenium.support.events.EventFiringWebDriver.lambda$new$0(EventFiringWebDriver.java:84)
at com.sun.proxy.$Proxy7.onException(Unknown Source)
at org.openqa.selenium.support.events.EventFiringWebDriver.lambda$new$1(EventFiringWebDriver.java:107)
at com.sun.proxy.$Proxy8.getScreenshotAs(Unknown Source)
at org.openqa.selenium.support.events.EventFiringWebDriver.getScreenshotAs(EventFiringWebDriver.java:302)
at com.eurofins.util.TestUtil.takeScreenshotAtEndOfTest(TestUtil.java:76)
at com.eurofins.util.WebEventListener.onException(WebEventListener.java:66)
at sun.reflect.GeneratedMethodAccessor1.invoke(Unknown Source)
at sun.reflect.DelegatingMethodAccessorImpl.invoke(Unknown Source)
at java.lang.reflect.Method.invoke(Unknown Source)
at org.openqa.selenium.support.events.EventFiringWebDriver.lambda$new$0(EventFiringWebDriver.java:84)
at com.sun.proxy.$Proxy7.onException(Unknown Source)
at org.openqa.selenium.support.events.EventFiringWebDriver.lambda$new$1(EventFiringWebDriver.java:107)
at com.sun.proxy.$Proxy8.getScreenshotAs(Unknown Source)
at org.openqa.selenium.support.events.EventFiringWebDriver.getScreenshotAs(EventFiringWebDriver.java:302)
at com.eurofins.util.TestUtil.takeScreenshotAtEndOfTest(TestUtil.java:76)
at com.eurofins.util.WebEventListener.onException(WebEventListener.java:66)
at sun.reflect.GeneratedMethodAccessor1.invoke(Unknown Source)
at sun.reflect.DelegatingMethodAccessorImpl.invoke(Unknown Source)
at java.lang.reflect.Method.invoke(Unknown Source)
at org.openqa.selenium.support.events.EventFiringWebDriver.lambda$new$0(EventFiringWebDriver.java:84)
at com.sun.proxy.$Proxy7.onException(Unknown Source)
at org.openqa.selenium.support.events.EventFiringWebDriver.lambda$new$1(EventFiringWebDriver.java:107)
at com.sun.proxy.$Proxy8.getScreenshotAs(Unknown Source)
at org.openqa.selenium.support.events.EventFiringWebDriver.getScreenshotAs(EventFiringWebDriver.java:302)
at com.eurofins.util.TestUtil.takeScreenshotAtEndOfTest(TestUtil.java:76)
at com.eurofins.util.WebEventListener.onException(WebEventListener.java:66)
at sun.reflect.GeneratedMethodAccessor1.invoke(Unknown Source)
at sun.reflect.DelegatingMethodAccessorImpl.invoke(Unknown Source)
at java.lang.reflect.Method.invoke(Unknown Source)
at org.openqa.selenium.support.events.EventFiringWebDriver.lambda$new$0(EventFiringWebDriver.java:84)
at com.sun.proxy.$Proxy7.onException(Unknown Source)
at org.openqa.selenium.support.events.EventFiringWebDriver.lambda$new$1(EventFiringWebDriver.java:107)
at com.sun.proxy.$Proxy8.getScreenshotAs(Unknown Source)
at org.openqa.selenium.support.events.EventFiringWebDriver.getScreenshotAs(EventFiringWebDriver.java:302)
at com.eurofins.util.TestUtil.takeScreenshotAtEndOfTest(TestUtil.java:76)
at com.eurofins.util.WebEventListener.onException(WebEventListener.java:66)
at sun.reflect.GeneratedMethodAccessor1.invoke(Unknown Source)
at sun.reflect.DelegatingMethodAccessorImpl.invoke(Unknown Source)
at java.lang.reflect.Method.invoke(Unknown Source)
at org.openqa.selenium.support.events.EventFiringWebDriver.lambda$new$0(EventFiringWebDriver.java:84)
at com.sun.proxy.$Proxy7.onException(Unknown Source)
at org.openqa.selenium.support.events.EventFiringWebDriver.lambda$new$1(EventFiringWebDriver.java:107)
at com.sun.proxy.$Proxy8.getScreenshotAs(Unknown Source)
at org.openqa.selenium.support.events.EventFiringWebDriver.getScreenshotAs(EventFiringWebDriver.java:302)
at com.eurofins.util.TestUtil.takeScreenshotAtEndOfTest(TestUtil.java:76)
at com.eurofins.util.WebEventListener.onException(WebEventListener.java:66)
at sun.reflect.GeneratedMethodAccessor1.invoke(Unknown Source)
at sun.reflect.DelegatingMethodAccessorImpl.invoke(Unknown Source)
at java.lang.reflect.Method.invoke(Unknown Source)
at org.openqa.selenium.support.events.EventFiringWebDriver.lambda$new$0(EventFiringWebDriver.java:84)
at com.sun.proxy.$Proxy7.onException(Unknown Source)
at org.openqa.selenium.support.events.EventFiringWebDriver.lambda$new$1(EventFiringWebDriver.java:107)
at com.sun.proxy.$Proxy8.getScreenshotAs(Unknown Source)
at org.openqa.selenium.support.events.EventFiringWebDriver.getScreenshotAs(EventFiringWebDriver.java:302)
at com.eurofins.util.TestUtil.takeScreenshotAtEndOfTest(TestUtil.java:76)
at com.eurofins.util.WebEventListener.onException(WebEventListener.java:66)
at sun.reflect.GeneratedMethodAccessor1.invoke(Unknown Source)
at sun.reflect.DelegatingMethodAccessorImpl.invoke(Unknown Source)
at java.lang.reflect.Method.invoke(Unknown Source)
at org.openqa.selenium.support.events.EventFiringWebDriver.lambda$new$0(EventFiringWebDriver.java:84)
at com.sun.proxy.$Proxy7.onException(Unknown Source)
at org.openqa.selenium.support.events.EventFiringWebDriver.lambda$new$1(EventFiringWebDriver.java:107)
at com.sun.proxy.$Proxy8.getScreenshotAs(Unknown Source)
at org.openqa.selenium.support.events.EventFiringWebDriver.getScreenshotAs(EventFiringWebDriver.java:302)
at com.eurofins.util.TestUtil.takeScreenshotAtEndOfTest(TestUtil.java:76)
at com.eurofins.util.WebEventListener.onException(WebEventListener.java:66)
at sun.reflect.GeneratedMethodAccessor1.invoke(Unknown Source)
at sun.reflect.DelegatingMethodAccessorImpl.invoke(Unknown Source)
at java.lang.reflect.Method.invoke(Unknown Source)
at org.openqa.selenium.support.events.EventFiringWebDriver.lambda$new$0(EventFiringWebDriver.java:84)
at com.sun.proxy.$Proxy7.onException(Unknown Source)
at org.openqa.selenium.support.events.EventFiringWebDriver.lambda$new$1(EventFiringWebDriver.java:107)
at com.sun.proxy.$Proxy8.getScreenshotAs(Unknown Source)
at org.openqa.selenium.support.events.EventFiringWebDriver.getScreenshotAs(EventFiringWebDriver.java:302)
at com.eurofins.util.TestUtil.takeScreenshotAtEndOfTest(TestUtil.java:76)
at com.eurofins.util.WebEventListener.onException(WebEventListener.java:66)
at sun.reflect.GeneratedMethodAccessor1.invoke(Unknown Source)
at sun.reflect.DelegatingMethodAccessorImpl.invoke(Unknown Source)
at java.lang.reflect.Method.invoke(Unknown Source)
at org.openqa.selenium.support.events.EventFiringWebDriver.lambda$new$0(EventFiringWebDriver.java:84)
at com.sun.proxy.$Proxy7.onException(Unknown Source)
at org.openqa.selenium.support.events.EventFiringWebDriver.lambda$new$1(EventFiringWebDriver.java:107)
at com.sun.proxy.$Proxy8.getScreenshotAs(Unknown Source)
at org.openqa.selenium.support.events.EventFiringWebDriver.getScreenshotAs(EventFiringWebDriver.java:302)
at com.eurofins.util.TestUtil.takeScreenshotAtEndOfTest(TestUtil.java:76)
at com.eurofins.util.WebEventListener.onException(WebEventListener.java:66)
at sun.reflect.GeneratedMethodAccessor1.invoke(Unknown Source)
at sun.reflect.DelegatingMethodAccessorImpl.invoke(Unknown Source)
at java.lang.reflect.Method.invoke(Unknown Source)
at org.openqa.selenium.support.events.EventFiringWebDriver.lambda$new$0(EventFiringWebDriver.java:84)
at com.sun.proxy.$Proxy7.onException(Unknown Source)
at org.openqa.selenium.support.events.EventFiringWebDriver.lambda$new$1(EventFiringWebDriver.java:107)
at com.sun.proxy.$Proxy8.getScreenshotAs(Unknown Source)
at org.openqa.selenium.support.events.EventFiringWebDriver.getScreenshotAs(EventFiringWebDriver.java:302)
at com.eurofins.util.TestUtil.takeScreenshotAtEndOfTest(TestUtil.java:76)
at com.eurofins.util.WebEventListener.onException(WebEventListener.java:66)
at sun.reflect.GeneratedMethodAccessor1.invoke(Unknown Source)
at sun.reflect.DelegatingMethodAccessorImpl.invoke(Unknown Source)
at java.lang.reflect.Method.invoke(Unknown Source)
at org.openqa.selenium.support.events.EventFiringWebDriver.lambda$new$0(EventFiringWebDriver.java:84)
at com.sun.proxy.$Proxy7.onException(Unknown Source)
at org.openqa.selenium.support.events.EventFiringWebDriver.lambda$new$1(EventFiringWebDriver.java:107)
at com.sun.proxy.$Proxy8.getScreenshotAs(Unknown Source)
at org.openqa.selenium.support.events.EventFiringWebDriver.getScreenshotAs(EventFiringWebDriver.java:302)
at com.eurofins.util.TestUtil.takeScreenshotAtEndOfTest(TestUtil.java:76)
at com.eurofins.util.WebEventListener.onException(WebEventListener.java:66)
at sun.reflect.GeneratedMethodAccessor1.invoke(Unknown Source)
at sun.reflect.DelegatingMethodAccessorImpl.invoke(Unknown Source)
at java.lang.reflect.Method.invoke(Unknown Source)
at org.openqa.selenium.support.events.EventFiringWebDriver.lambda$new$0(EventFiringWebDriver.java:84)
at com.sun.proxy.$Proxy7.onException(Unknown Source)
at org.openqa.selenium.support.events.EventFiringWebDriver.lambda$new$1(EventFiringWebDriver.java:107)
at com.sun.proxy.$Proxy8.getScreenshotAs(Unknown Source)
at org.openqa.selenium.support.events.EventFiringWebDriver.getScreenshotAs(EventFiringWebDriver.java:302)
at com.eurofins.util.TestUtil.takeScreenshotAtEndOfTest(TestUtil.java:76)
at com.eurofins.util.WebEventListener.onException(WebEventListener.java:66)
at sun.reflect.GeneratedMethodAccessor1.invoke(Unknown Source)
at sun.reflect.DelegatingMethodAccessorImpl.invoke(Unknown Source)
at java.lang.reflect.Method.invoke(Unknown Source)
at org.openqa.selenium.support.events.EventFiringWebDriver.lambda$new$0(EventFiringWebDriver.java:84)
at com.sun.proxy.$Proxy7.onException(Unknown Source)
at org.openqa.selenium.support.events.EventFiringWebDriver.lambda$new$1(EventFiringWebDriver.java:107)
at com.sun.proxy.$Proxy8.getScreenshotAs(Unknown Source)
at org.openqa.selenium.support.events.EventFiringWebDriver.getScreenshotAs(EventFiringWebDriver.java:302)
at com.eurofins.util.TestUtil.takeScreenshotAtEndOfTest(TestUtil.java:76)
at com.eurofins.util.WebEventListener.onException(WebEventListener.java:66)
at sun.reflect.GeneratedMethodAccessor1.invoke(Unknown Source)
at sun.reflect.DelegatingMethodAccessorImpl.invoke(Unknown Source)
at java.lang.reflect.Method.invoke(Unknown Source)
at org.openqa.selenium.support.events.EventFiringWebDriver.lambda$new$0(EventFiringWebDriver.java:84)
at com.sun.proxy.$Proxy7.onException(Unknown Source)
at org.openqa.selenium.support.events.EventFiringWebDriver.lambda$new$1(EventFiringWebDriver.java:107)
at com.sun.proxy.$Proxy8.getScreenshotAs(Unknown Source)
at org.openqa.selenium.support.events.EventFiringWebDriver.getScreenshotAs(EventFiringWebDriver.java:302)
at com.eurofins.util.TestUtil.takeScreenshotAtEndOfTest(TestUtil.java:76)
at com.eurofins.util.WebEventListener.onException(WebEventListener.java:66)
at sun.reflect.GeneratedMethodAccessor1.invoke(Unknown Source)
at sun.reflect.DelegatingMethodAccessorImpl.invoke(Unknown Source)
at java.lang.reflect.Method.invoke(Unknown Source)
at org.openqa.selenium.support.events.EventFiringWebDriver.lambda$new$0(EventFiringWebDriver.java:84)
at com.sun.proxy.$Proxy7.onException(Unknown Source)
at org.openqa.selenium.support.events.EventFiringWebDriver.lambda$new$1(EventFiringWebDriver.java:107)
at com.sun.proxy.$Proxy8.getScreenshotAs(Unknown Source)
at org.openqa.selenium.support.events.EventFiringWebDriver.getScreenshotAs(EventFiringWebDriver.java:302)
at com.eurofins.util.TestUtil.takeScreenshotAtEndOfTest(TestUtil.java:76)
at com.eurofins.util.WebEventListener.onException(WebEventListener.java:66)
at sun.reflect.GeneratedMethodAccessor1.invoke(Unknown Source)
at sun.reflect.DelegatingMethodAccessorImpl.invoke(Unknown Source)
at java.lang.reflect.Method.invoke(Unknown Source)
at org.openqa.selenium.support.events.EventFiringWebDriver.lambda$new$0(EventFiringWebDriver.java:84)
at com.sun.proxy.$Proxy7.onException(Unknown Source)
at org.openqa.selenium.support.events.EventFiringWebDriver.lambda$new$1(EventFiringWebDriver.java:107)
at com.sun.proxy.$Proxy8.getScreenshotAs(Unknown Source)
at org.openqa.selenium.support.events.EventFiringWebDriver.getScreenshotAs(EventFiringWebDriver.java:302)
at com.eurofins.util.TestUtil.takeScreenshotAtEndOfTest(TestUtil.java:76)
at com.eurofins.util.WebEventListener.onException(WebEventListener.java:66)
at sun.reflect.GeneratedMethodAccessor1.invoke(Unknown Source)
at sun.reflect.DelegatingMethodAccessorImpl.invoke(Unknown Source)
at java.lang.reflect.Method.invoke(Unknown Source)
at org.openqa.selenium.support.events.EventFiringWebDriver.lambda$new$0(EventFiringWebDriver.java:84)
at com.sun.proxy.$Proxy7.onException(Unknown Source)
at org.openqa.selenium.support.events.EventFiringWebDriver.lambda$new$1(EventFiringWebDriver.java:107)
at com.sun.proxy.$Proxy8.getScreenshotAs(Unknown Source)
at org.openqa.selenium.support.events.EventFiringWebDriver.getScreenshotAs(EventFiringWebDriver.java:302)
at com.eurofins.util.TestUtil.takeScreenshotAtEndOfTest(TestUtil.java:76)
at com.eurofins.util.WebEventListener.onException(WebEventListener.java:66)
at sun.reflect.GeneratedMethodAccessor1.invoke(Unknown Source)
at sun.reflect.DelegatingMethodAccessorImpl.invoke(Unknown Source)
at java.lang.reflect.Method.invoke(Unknown Source)
at org.openqa.selenium.support.events.EventFiringWebDriver.lambda$new$0(EventFiringWebDriver.java:84)
at com.sun.proxy.$Proxy7.onException(Unknown Source)
at org.openqa.selenium.support.events.EventFiringWebDriver.lambda$new$1(EventFiringWebDriver.java:107)
at com.sun.proxy.$Proxy8.getScreenshotAs(Unknown Source)
at org.openqa.selenium.support.events.EventFiringWebDriver.getScreenshotAs(EventFiringWebDriver.java:302)
at com.eurofins.util.TestUtil.takeScreenshotAtEndOfTest(TestUtil.java:76)
at com.eurofins.util.WebEventListener.onException(WebEventListener.java:66)
at sun.reflect.GeneratedMethodAccessor1.invoke(Unknown Source)
at sun.reflect.DelegatingMethodAccessorImpl.invoke(Unknown Source)
at java.lang.reflect.Method.invoke(Unknown Source)
at org.openqa.selenium.support.events.EventFiringWebDriver.lambda$new$0(EventFiringWebDriver.java:84)
at com.sun.proxy.$Proxy7.onException(Unknown Source)
at org.openqa.selenium.support.events.EventFiringWebDriver.lambda$new$1(EventFiringWebDriver.java:107)
at com.sun.proxy.$Proxy8.getScreenshotAs(Unknown Source)
at org.openqa.selenium.support.events.EventFiringWebDriver.getScreenshotAs(EventFiringWebDriver.java:302)
at com.eurofins.util.TestUtil.takeScreenshotAtEndOfTest(TestUtil.java:76)
at com.eurofins.util.WebEventListener.onException(WebEventListener.java:66)
at sun.reflect.GeneratedMethodAccessor1.invoke(Unknown Source)
at sun.reflect.DelegatingMethodAccessorImpl.invoke(Unknown Source)
at java.lang.reflect.Method.invoke(Unknown Source)
at org.openqa.selenium.support.events.EventFiringWebDriver.lambda$new$0(EventFiringWebDriver.java:84)
at com.sun.proxy.$Proxy7.onException(Unknown Source)
at org.openqa.selenium.support.events.EventFiringWebDriver.lambda$new$1(EventFiringWebDriver.java:107)
at com.sun.proxy.$Proxy8.getScreenshotAs(Unknown Source)
at org.openqa.selenium.support.events.EventFiringWebDriver.getScreenshotAs(EventFiringWebDriver.java:302)
at com.eurofins.util.TestUtil.takeScreenshotAtEndOfTest(TestUtil.java:76)
at com.eurofins.util.WebEventListener.onException(WebEventListener.java:66)
at sun.reflect.GeneratedMethodAccessor1.invoke(Unknown Source)
at sun.reflect.DelegatingMethodAccessorImpl.invoke(Unknown Source)
at java.lang.reflect.Method.invoke(Unknown Source)
at org.openqa.selenium.support.events.EventFiringWebDriver.lambda$new$0(EventFiringWebDriver.java:84)
at com.sun.proxy.$Proxy7.onException(Unknown Source)
at org.openqa.selenium.support.events.EventFiringWebDriver.lambda$new$1(EventFiringWebDriver.java:107)
at com.sun.proxy.$Proxy8.getScreenshotAs(Unknown Source)
at org.openqa.selenium.support.events.EventFiringWebDriver.getScreenshotAs(EventFiringWebDriver.java:302)
at com.eurofins.util.TestUtil.takeScreenshotAtEndOfTest(TestUtil.java:76)
at com.eurofins.util.WebEventListener.onException(WebEventListener.java:66)
at sun.reflect.GeneratedMethodAccessor1.invoke(Unknown Source)
at sun.reflect.DelegatingMethodAccessorImpl.invoke(Unknown Source)
at java.lang.reflect.Method.invoke(Unknown Source)
at org.openqa.selenium.support.events.EventFiringWebDriver.lambda$new$0(EventFiringWebDriver.java:84)
at com.sun.proxy.$Proxy7.onException(Unknown Source)
at org.openqa.selenium.support.events.EventFiringWebDriver.lambda$new$1(EventFiringWebDriver.java:107)
at com.sun.proxy.$Proxy8.getScreenshotAs(Unknown Source)
at org.openqa.selenium.support.events.EventFiringWebDriver.getScreenshotAs(EventFiringWebDriver.java:302)
at com.eurofins.util.TestUtil.takeScreenshotAtEndOfTest(TestUtil.java:76)
at com.eurofins.util.WebEventListener.onException(WebEventListener.java:66)
at sun.reflect.GeneratedMethodAccessor1.invoke(Unknown Source)
at sun.reflect.DelegatingMethodAccessorImpl.invoke(Unknown Source)
at java.lang.reflect.Method.invoke(Unknown Source)
at org.openqa.selenium.support.events.EventFiringWebDriver.lambda$new$0(EventFiringWebDriver.java:84)
at com.sun.proxy.$Proxy7.onException(Unknown Source)
at org.openqa.selenium.support.events.EventFiringWebDriver.lambda$new$1(EventFiringWebDriver.java:107)
at com.sun.proxy.$Proxy8.getScreenshotAs(Unknown Source)
at org.openqa.selenium.support.events.EventFiringWebDriver.getScreenshotAs(EventFiringWebDriver.java:302)
at com.eurofins.util.TestUtil.takeScreenshotAtEndOfTest(TestUtil.java:76)
at com.eurofins.util.WebEventListener.onException(WebEventListener.java:66)
at sun.reflect.GeneratedMethodAccessor1.invoke(Unknown Source)
at sun.reflect.DelegatingMethodAccessorImpl.invoke(Unknown Source)
at java.lang.reflect.Method.invoke(Unknown Source)
at org.openqa.selenium.support.events.EventFiringWebDriver.lambda$new$0(EventFiringWebDriver.java:84)
at com.sun.proxy.$Proxy7.onException(Unknown Source)
at org.openqa.selenium.support.events.EventFiringWebDriver.lambda$new$1(EventFiringWebDriver.java:107)
at com.sun.proxy.$Proxy8.getScreenshotAs(Unknown Source)
at org.openqa.selenium.support.events.EventFiringWebDriver.getScreenshotAs(EventFiringWebDriver.java:302)
at com.eurofins.util.TestUtil.takeScreenshotAtEndOfTest(TestUtil.java:76)
at com.eurofins.util.WebEventListener.onException(WebEventListener.java:66)
at sun.reflect.GeneratedMethodAccessor1.invoke(Unknown Source)
at sun.reflect.DelegatingMethodAccessorImpl.invoke(Unknown Source)
at java.lang.reflect.Method.invoke(Unknown Source)
]]>
    </error>
  </testcase> <!-- setUp -->
  <testcase name="checkStatusCode" time="10.664" classname="com.eurofins.testcases.CollectAllLinks">
    <error type="javax.net.ssl.SSLHandshakeException" message="sun.security.validator.ValidatorException: PKIX path building failed: sun.security.provider.certpath.SunCertPathBuilderException: unable to find valid certification path to requested target">
      <![CDATA[javax.net.ssl.SSLHandshakeException: sun.security.validator.ValidatorException: PKIX path building failed: sun.security.provider.certpath.SunCertPathBuilderException: unable to find valid certification path to requested target
at sun.security.ssl.Alerts.getSSLException(Unknown Source)
at sun.security.ssl.SSLSocketImpl.fatal(Unknown Source)
at sun.security.ssl.Handshaker.fatalSE(Unknown Source)
at sun.security.ssl.Handshaker.fatalSE(Unknown Source)
at sun.security.ssl.ClientHandshaker.serverCertificate(Unknown Source)
at sun.security.ssl.ClientHandshaker.processMessage(Unknown Source)
at sun.security.ssl.Handshaker.processLoop(Unknown Source)
at sun.security.ssl.Handshaker.process_record(Unknown Source)
at sun.security.ssl.SSLSocketImpl.readRecord(Unknown Source)
at sun.security.ssl.SSLSocketImpl.performInitialHandshake(Unknown Source)
at sun.security.ssl.SSLSocketImpl.startHandshake(Unknown Source)
at sun.security.ssl.SSLSocketImpl.startHandshake(Unknown Source)
at sun.net.www.protocol.https.HttpsClient.afterConnect(Unknown Source)
at sun.net.www.protocol.https.AbstractDelegateHttpsURLConnection.connect(Unknown Source)
at sun.net.www.protocol.https.HttpsURLConnectionImpl.connect(Unknown Source)
at com.eurofins.testcases.CollectAllLinks.checkStatusCode(CollectAllLinks.java:190)
at sun.reflect.NativeMethodAccessorImpl.invoke0(Native Method)
at sun.reflect.NativeMethodAccessorImpl.invoke(Unknown Source)
at sun.reflect.DelegatingMethodAccessorImpl.invoke(Unknown Source)
at java.lang.reflect.Method.invoke(Unknown Source)
at org.testng.internal.MethodInvocationHelper.invokeMethod(MethodInvocationHelper.java:124)
at org.testng.internal.Invoker.invokeMethod(Invoker.java:583)
at org.testng.internal.Invoker.invokeTestMethod(Invoker.java:719)
at org.testng.internal.Invoker.invokeTestMethods(Invoker.java:989)
at org.testng.internal.TestMethodWorker.invokeTestMethods(TestMethodWorker.java:125)
at org.testng.internal.TestMethodWorker.run(TestMethodWorker.java:109)
at org.testng.TestRunner.privateRun(TestRunner.java:648)
at org.testng.TestRunner.run(TestRunner.java:505)
at org.testng.SuiteRunner.runTest(SuiteRunner.java:455)
at org.testng.SuiteRunner.runSequentially(SuiteRunner.java:450)
at org.testng.SuiteRunner.privateRun(SuiteRunner.java:415)
at org.testng.SuiteRunner.run(SuiteRunner.java:364)
at org.testng.SuiteRunnerWorker.runSuite(SuiteRunnerWorker.java:52)
at org.testng.SuiteRunnerWorker.run(SuiteRunnerWorker.java:84)
at org.testng.TestNG.runSuitesSequentially(TestNG.java:1208)
at org.testng.TestNG.runSuitesLocally(TestNG.java:1137)
at org.testng.TestNG.runSuites(TestNG.java:1049)
at org.testng.TestNG.run(TestNG.java:1017)
at org.testng.remote.AbstractRemoteTestNG.run(AbstractRemoteTestNG.java:114)
at org.testng.remote.RemoteTestNG.initAndRun(RemoteTestNG.java:251)
at org.testng.remote.RemoteTestNG.main(RemoteTestNG.java:77)
Caused by: sun.security.validator.ValidatorException: PKIX path building failed: sun.security.provider.certpath.SunCertPathBuilderException: unable to find valid certification path to requested target
at sun.security.validator.PKIXValidator.doBuild(Unknown Source)
at sun.security.validator.PKIXValidator.engineValidate(Unknown Source)
at sun.security.validator.Validator.validate(Unknown Source)
at sun.security.ssl.X509TrustManagerImpl.validate(Unknown Source)
at sun.security.ssl.X509TrustManagerImpl.checkTrusted(Unknown Source)
at sun.security.ssl.X509TrustManagerImpl.checkServerTrusted(Unknown Source)
... 37 more
Caused by: sun.security.provider.certpath.SunCertPathBuilderException: unable to find valid certification path to requested target
at sun.security.provider.certpath.SunCertPathBuilder.build(Unknown Source)
at sun.security.provider.certpath.SunCertPathBuilder.engineBuild(Unknown Source)
at java.security.cert.CertPathBuilder.build(Unknown Source)
... 43 more
]]>
    </error>
  </testcase> <!-- checkStatusCode -->
  <testcase name="homePageTitleTest" time="0.593" classname="com.eurofins.testcases.CollectAllLinks">
    <failure type="java.lang.AssertionError" message="expected [true] but found [false]">
      <![CDATA[java.lang.AssertionError: expected [true] but found [false]
at org.testng.Assert.fail(Assert.java:96)
at org.testng.Assert.failNotEquals(Assert.java:776)
at org.testng.Assert.assertTrue(Assert.java:44)
at org.testng.Assert.assertTrue(Assert.java:54)
at com.eurofins.testcases.HomePageTest.homePageTitleTest(HomePageTest.java:176)
at sun.reflect.NativeMethodAccessorImpl.invoke0(Native Method)
at sun.reflect.NativeMethodAccessorImpl.invoke(Unknown Source)
at sun.reflect.DelegatingMethodAccessorImpl.invoke(Unknown Source)
at java.lang.reflect.Method.invoke(Unknown Source)
at org.testng.internal.MethodInvocationHelper.invokeMethod(MethodInvocationHelper.java:124)
at org.testng.internal.Invoker.invokeMethod(Invoker.java:583)
at org.testng.internal.Invoker.invokeTestMethod(Invoker.java:719)
at org.testng.internal.Invoker.invokeTestMethods(Invoker.java:989)
at org.testng.internal.TestMethodWorker.invokeTestMethods(TestMethodWorker.java:125)
at org.testng.internal.TestMethodWorker.run(TestMethodWorker.java:109)
at org.testng.TestRunner.privateRun(TestRunner.java:648)
at org.testng.TestRunner.run(TestRunner.java:505)
at org.testng.SuiteRunner.runTest(SuiteRunner.java:455)
at org.testng.SuiteRunner.runSequentially(SuiteRunner.java:450)
at org.testng.SuiteRunner.privateRun(SuiteRunner.java:415)
at org.testng.SuiteRunner.run(SuiteRunner.java:364)
at org.testng.SuiteRunnerWorker.runSuite(SuiteRunnerWorker.java:52)
at org.testng.SuiteRunnerWorker.run(SuiteRunnerWorker.java:84)
at org.testng.TestNG.runSuitesSequentially(TestNG.java:1208)
at org.testng.TestNG.runSuitesLocally(TestNG.java:1137)
at org.testng.TestNG.runSuites(TestNG.java:1049)
at org.testng.TestNG.run(TestNG.java:1017)
at org.testng.remote.AbstractRemoteTestNG.run(AbstractRemoteTestNG.java:114)
at org.testng.remote.RemoteTestNG.initAndRun(RemoteTestNG.java:251)
at org.testng.remote.RemoteTestNG.main(RemoteTestNG.java:77)
]]>
    </failure>
  </testcase> <!-- homePageTitleTest -->
  <testcase name="ObtainAllLinks" time="64.973" classname="com.eurofins.testcases.CollectAllLinks"/>
  <testcase name="homePageLogoTest" time="0.000" classname="com.eurofins.testcases.CollectAllLinks">
    <skipped/>
  </testcase> <!-- homePageLogoTest -->
  <testcase name="groupNavLink1Test" time="0.000" classname="com.eurofins.testcases.CollectAllLinks">
    <skipped/>
  </testcase> <!-- groupNavLink1Test -->
  <testcase name="groupNavLink2Test" time="0.000" classname="com.eurofins.testcases.CollectAllLinks">
    <skipped/>
  </testcase> <!-- groupNavLink2Test -->
  <testcase name="groupNavLink3Test" time="0.000" classname="com.eurofins.testcases.CollectAllLinks">
    <skipped/>
  </testcase> <!-- groupNavLink3Test -->
  <testcase name="groupNavLink4Test" time="0.000" classname="com.eurofins.testcases.CollectAllLinks">
    <skipped/>
  </testcase> <!-- groupNavLink4Test -->
  <testcase name="groupNavLink5Test" time="0.000" classname="com.eurofins.testcases.CollectAllLinks">
    <skipped/>
  </testcase> <!-- groupNavLink5Test -->
  <testcase name="groupNavLink6Test" time="0.000" classname="com.eurofins.testcases.CollectAllLinks">
    <skipped/>
  </testcase> <!-- groupNavLink6Test -->
  <testcase name="mainNavLink1Test" time="0.000" classname="com.eurofins.testcases.CollectAllLinks">
    <skipped/>
  </testcase> <!-- mainNavLink1Test -->
  <testcase name="mainNav1SubNavLink1Test" time="0.000" classname="com.eurofins.testcases.CollectAllLinks">
    <skipped/>
  </testcase> <!-- mainNav1SubNavLink1Test -->
  <testcase name="mainNav1SubNavLink2Test" time="0.000" classname="com.eurofins.testcases.CollectAllLinks">
    <skipped/>
  </testcase> <!-- mainNav1SubNavLink2Test -->
  <testcase name="mainNav1SubNavLink3Test" time="0.000" classname="com.eurofins.testcases.CollectAllLinks">
    <skipped/>
  </testcase> <!-- mainNav1SubNavLink3Test -->
  <testcase name="mainNav1SubNavLink4Test" time="0.000" classname="com.eurofins.testcases.CollectAllLinks">
    <skipped/>
  </testcase> <!-- mainNav1SubNavLink4Test -->
  <testcase name="mainNav1SubNavLink5Test" time="0.000" classname="com.eurofins.testcases.CollectAllLinks">
    <skipped/>
  </testcase> <!-- mainNav1SubNavLink5Test -->
  <testcase name="mainNav1SubNavLink6Test" time="0.000" classname="com.eurofins.testcases.CollectAllLinks">
    <skipped/>
  </testcase> <!-- mainNav1SubNavLink6Test -->
  <testcase name="mainNav1SubNavLink7Test" time="0.000" classname="com.eurofins.testcases.CollectAllLinks">
    <skipped/>
  </testcase> <!-- mainNav1SubNavLink7Test -->
  <testcase name="mainNav1SubNavLink8Test" time="0.000" classname="com.eurofins.testcases.CollectAllLinks">
    <skipped/>
  </testcase> <!-- mainNav1SubNavLink8Test -->
  <testcase name="mainNav1SubNavLink9Test" time="0.000" classname="com.eurofins.testcases.CollectAllLinks">
    <skipped/>
  </testcase> <!-- mainNav1SubNavLink9Test -->
  <testcase name="mainNav1SubNavLink10Test" time="0.000" classname="com.eurofins.testcases.CollectAllLinks">
    <skipped/>
  </testcase> <!-- mainNav1SubNavLink10Test -->
  <testcase name="mainNav1SubNavLink11Test" time="0.000" classname="com.eurofins.testcases.CollectAllLinks">
    <skipped/>
  </testcase> <!-- mainNav1SubNavLink11Test -->
  <testcase name="mainNav1SubNavLink12Test" time="0.000" classname="com.eurofins.testcases.CollectAllLinks">
    <skipped/>
  </testcase> <!-- mainNav1SubNavLink12Test -->
  <testcase name="mainNav1SubNavLink13Test" time="0.000" classname="com.eurofins.testcases.CollectAllLinks">
    <skipped/>
  </testcase> <!-- mainNav1SubNavLink13Test -->
  <testcase name="mainNav1SubNavLink14Test" time="0.000" classname="com.eurofins.testcases.CollectAllLinks">
    <skipped/>
  </testcase> <!-- mainNav1SubNavLink14Test -->
  <testcase name="mainNav1SubNavLink15Test" time="0.000" classname="com.eurofins.testcases.CollectAllLinks">
    <skipped/>
  </testcase> <!-- mainNav1SubNavLink15Test -->
  <testcase name="mainNav1SubNavLink16Test" time="0.000" classname="com.eurofins.testcases.CollectAllLinks">
    <skipped/>
  </testcase> <!-- mainNav1SubNavLink16Test -->
  <testcase name="mainNav1SubNavLink17Test" time="0.000" classname="com.eurofins.testcases.CollectAllLinks">
    <skipped/>
  </testcase> <!-- mainNav1SubNavLink17Test -->
  <testcase name="mainNav1SubNavLink18Test" time="0.000" classname="com.eurofins.testcases.CollectAllLinks">
    <skipped/>
  </testcase> <!-- mainNav1SubNavLink18Test -->
  <testcase name="mainNavLink2Test" time="0.000" classname="com.eurofins.testcases.CollectAllLinks">
    <skipped/>
  </testcase> <!-- mainNavLink2Test -->
  <testcase name="mainNav2SubNavLink1Test" time="0.000" classname="com.eurofins.testcases.CollectAllLinks">
    <skipped/>
  </testcase> <!-- mainNav2SubNavLink1Test -->
  <testcase name="mainNav2SubNavLink2Test" time="0.000" classname="com.eurofins.testcases.CollectAllLinks">
    <skipped/>
  </testcase> <!-- mainNav2SubNavLink2Test -->
  <testcase name="mainNav2SubNavLink3Test" time="0.000" classname="com.eurofins.testcases.CollectAllLinks">
    <skipped/>
  </testcase> <!-- mainNav2SubNavLink3Test -->
  <testcase name="mainNav2SubNavLink4Test" time="0.000" classname="com.eurofins.testcases.CollectAllLinks">
    <skipped/>
  </testcase> <!-- mainNav2SubNavLink4Test -->
  <testcase name="mainNav2SubNavLink5Test" time="0.000" classname="com.eurofins.testcases.CollectAllLinks">
    <skipped/>
  </testcase> <!-- mainNav2SubNavLink5Test -->
  <testcase name="mainNav2SubNavLink6Test" time="0.000" classname="com.eurofins.testcases.CollectAllLinks">
    <skipped/>
  </testcase> <!-- mainNav2SubNavLink6Test -->
  <testcase name="mainNav2SubNavLink7Test" time="0.000" classname="com.eurofins.testcases.CollectAllLinks">
    <skipped/>
  </testcase> <!-- mainNav2SubNavLink7Test -->
  <testcase name="mainNav2SubNavLink8Test" time="0.000" classname="com.eurofins.testcases.CollectAllLinks">
    <skipped/>
  </testcase> <!-- mainNav2SubNavLink8Test -->
  <testcase name="mainNavLink3Test" time="0.000" classname="com.eurofins.testcases.CollectAllLinks">
    <skipped/>
  </testcase> <!-- mainNavLink3Test -->
  <testcase name="mainNav3SubNavLink1Test" time="0.000" classname="com.eurofins.testcases.CollectAllLinks">
    <skipped/>
  </testcase> <!-- mainNav3SubNavLink1Test -->
  <testcase name="mainNav3SubNavLink2Test" time="0.000" classname="com.eurofins.testcases.CollectAllLinks">
    <skipped/>
  </testcase> <!-- mainNav3SubNavLink2Test -->
  <testcase name="mainNav3SubNavLink3Test" time="0.000" classname="com.eurofins.testcases.CollectAllLinks">
    <skipped/>
  </testcase> <!-- mainNav3SubNavLink3Test -->
  <testcase name="mainNav3SubNavLink4Test" time="0.000" classname="com.eurofins.testcases.CollectAllLinks">
    <skipped/>
  </testcase> <!-- mainNav3SubNavLink4Test -->
  <testcase name="mainNav3SubNavLink5Test" time="0.000" classname="com.eurofins.testcases.CollectAllLinks">
    <skipped/>
  </testcase> <!-- mainNav3SubNavLink5Test -->
  <testcase name="mainNav3SubNavLink6Test" time="0.000" classname="com.eurofins.testcases.CollectAllLinks">
    <skipped/>
  </testcase> <!-- mainNav3SubNavLink6Test -->
  <testcase name="mainNav3SubNavLink7Test" time="0.000" classname="com.eurofins.testcases.CollectAllLinks">
    <skipped/>
  </testcase> <!-- mainNav3SubNavLink7Test -->
  <testcase name="mainNav3SubNavLink8Test" time="0.000" classname="com.eurofins.testcases.CollectAllLinks">
    <skipped/>
  </testcase> <!-- mainNav3SubNavLink8Test -->
  <testcase name="mainNav3SubNavLink9Test" time="0.000" classname="com.eurofins.testcases.CollectAllLinks">
    <skipped/>
  </testcase> <!-- mainNav3SubNavLink9Test -->
  <testcase name="mainNav3SubNavLink10Test" time="0.000" classname="com.eurofins.testcases.CollectAllLinks">
    <skipped/>
  </testcase> <!-- mainNav3SubNavLink10Test -->
  <testcase name="mainNav3SubNavLink11Test" time="0.000" classname="com.eurofins.testcases.CollectAllLinks">
    <skipped/>
  </testcase> <!-- mainNav3SubNavLink11Test -->
  <testcase name="mainNavLink4Test" time="0.000" classname="com.eurofins.testcases.CollectAllLinks">
    <skipped/>
  </testcase> <!-- mainNavLink4Test -->
  <testcase name="mainNav4SubNavLink1Test" time="0.000" classname="com.eurofins.testcases.CollectAllLinks">
    <skipped/>
  </testcase> <!-- mainNav4SubNavLink1Test -->
  <testcase name="mainNav4SubNavLink2Test" time="0.000" classname="com.eurofins.testcases.CollectAllLinks">
    <skipped/>
  </testcase> <!-- mainNav4SubNavLink2Test -->
  <testcase name="mainNav4SubNavLink3Test" time="0.000" classname="com.eurofins.testcases.CollectAllLinks">
    <skipped/>
  </testcase> <!-- mainNav4SubNavLink3Test -->
  <testcase name="mainNav4SubNavLink4Test" time="0.000" classname="com.eurofins.testcases.CollectAllLinks">
    <skipped/>
  </testcase> <!-- mainNav4SubNavLink4Test -->
  <testcase name="mainNav5SubNavLink7Test" time="0.000" classname="com.eurofins.testcases.CollectAllLinks">
    <skipped/>
  </testcase> <!-- mainNav5SubNavLink7Test -->
  <testcase name="mainNav4SubNavLink7Test" time="0.000" classname="com.eurofins.testcases.CollectAllLinks">
    <skipped/>
  </testcase> <!-- mainNav4SubNavLink7Test -->
  <testcase name="mainNav5SubNavLink2Test" time="0.000" classname="com.eurofins.testcases.CollectAllLinks">
    <skipped/>
  </testcase> <!-- mainNav5SubNavLink2Test -->
  <testcase name="mainNav5SubNavLink3Test" time="0.000" classname="com.eurofins.testcases.CollectAllLinks">
    <skipped/>
  </testcase> <!-- mainNav5SubNavLink3Test -->
  <testcase name="mainNav4SubNavLink10Test" time="0.000" classname="com.eurofins.testcases.CollectAllLinks">
    <skipped/>
  </testcase> <!-- mainNav4SubNavLink10Test -->
  <testcase name="mainNav5SubNavLink5Test" time="0.000" classname="com.eurofins.testcases.CollectAllLinks">
    <skipped/>
  </testcase> <!-- mainNav5SubNavLink5Test -->
  <testcase name="mainNav4SubNavLink6Test" time="0.000" classname="com.eurofins.testcases.CollectAllLinks">
    <skipped/>
  </testcase> <!-- mainNav4SubNavLink6Test -->
  <testcase name="mainNav5SubNavLink13Test" time="0.000" classname="com.eurofins.testcases.CollectAllLinks">
    <skipped/>
  </testcase> <!-- mainNav5SubNavLink13Test -->
  <testcase name="mainNav4SubNavLink11Test" time="0.000" classname="com.eurofins.testcases.CollectAllLinks">
    <skipped/>
  </testcase> <!-- mainNav4SubNavLink11Test -->
  <testcase name="mainNavLink5Test" time="0.000" classname="com.eurofins.testcases.CollectAllLinks">
    <skipped/>
  </testcase> <!-- mainNavLink5Test -->
  <testcase name="mainNav5SubNavLink9Test" time="0.000" classname="com.eurofins.testcases.CollectAllLinks">
    <skipped/>
  </testcase> <!-- mainNav5SubNavLink9Test -->
  <testcase name="mainNav4SubNavLink8Test" time="0.000" classname="com.eurofins.testcases.CollectAllLinks">
    <skipped/>
  </testcase> <!-- mainNav4SubNavLink8Test -->
  <testcase name="mainNav5SubNavLink8Test" time="0.000" classname="com.eurofins.testcases.CollectAllLinks">
    <skipped/>
  </testcase> <!-- mainNav5SubNavLink8Test -->
  <testcase name="mainNav5SubNavLink1Test" time="0.000" classname="com.eurofins.testcases.CollectAllLinks">
    <skipped/>
  </testcase> <!-- mainNav5SubNavLink1Test -->
  <testcase name="mainNav4SubNavLink12Test" time="0.000" classname="com.eurofins.testcases.CollectAllLinks">
    <skipped/>
  </testcase> <!-- mainNav4SubNavLink12Test -->
  <testcase name="mainNav5SubNavLink4Test" time="0.000" classname="com.eurofins.testcases.CollectAllLinks">
    <skipped/>
  </testcase> <!-- mainNav5SubNavLink4Test -->
  <testcase name="mainNav5SubNavLink11Test" time="0.000" classname="com.eurofins.testcases.CollectAllLinks">
    <skipped/>
  </testcase> <!-- mainNav5SubNavLink11Test -->
  <testcase name="mainNav5SubNavLink6Test" time="0.000" classname="com.eurofins.testcases.CollectAllLinks">
    <skipped/>
  </testcase> <!-- mainNav5SubNavLink6Test -->
  <testcase name="mainNav4SubNavLink13Test" time="0.000" classname="com.eurofins.testcases.CollectAllLinks">
    <skipped/>
  </testcase> <!-- mainNav4SubNavLink13Test -->
  <testcase name="mainNav4SubNavLink9Test" time="0.000" classname="com.eurofins.testcases.CollectAllLinks">
    <skipped/>
  </testcase> <!-- mainNav4SubNavLink9Test -->
  <testcase name="mainNav5SubNavLink12Test" time="0.000" classname="com.eurofins.testcases.CollectAllLinks">
    <skipped/>
  </testcase> <!-- mainNav5SubNavLink12Test -->
  <testcase name="mainNav4SubNavLink5Test" time="0.000" classname="com.eurofins.testcases.CollectAllLinks">
    <skipped/>
  </testcase> <!-- mainNav4SubNavLink5Test -->
  <testcase name="mainNav5SubNavLink10Test" time="0.000" classname="com.eurofins.testcases.CollectAllLinks">
    <skipped/>
  </testcase> <!-- mainNav5SubNavLink10Test -->
  <testcase name="mainNavLink6Test" time="0.000" classname="com.eurofins.testcases.CollectAllLinks">
    <skipped/>
  </testcase> <!-- mainNavLink6Test -->
  <testcase name="mainNav6SubNavLink1Test" time="0.000" classname="com.eurofins.testcases.CollectAllLinks">
    <skipped/>
  </testcase> <!-- mainNav6SubNavLink1Test -->
  <testcase name="mainNav6SubNavLink2Test" time="0.000" classname="com.eurofins.testcases.CollectAllLinks">
    <skipped/>
  </testcase> <!-- mainNav6SubNavLink2Test -->
  <testcase name="mainNav6SubNavLink3Test" time="0.000" classname="com.eurofins.testcases.CollectAllLinks">
    <skipped/>
  </testcase> <!-- mainNav6SubNavLink3Test -->
  <testcase name="mainNavLink7Test" time="0.000" classname="com.eurofins.testcases.CollectAllLinks">
    <skipped/>
  </testcase> <!-- mainNavLink7Test -->
  <testcase name="mainNav7SubNavLink1Test" time="0.000" classname="com.eurofins.testcases.CollectAllLinks">
    <skipped/>
  </testcase> <!-- mainNav7SubNavLink1Test -->
  <testcase name="mainNav7SubNavLink2Test" time="0.000" classname="com.eurofins.testcases.CollectAllLinks">
    <skipped/>
  </testcase> <!-- mainNav7SubNavLink2Test -->
  <testcase name="firstBlueImageTest" time="0.000" classname="com.eurofins.testcases.CollectAllLinks">
    <skipped/>
  </testcase> <!-- firstBlueImageTest -->
  <testcase name="secondBlueImageTest" time="0.000" classname="com.eurofins.testcases.CollectAllLinks">
    <skipped/>
  </testcase> <!-- secondBlueImageTest -->
  <testcase name="thirdBlueImageTest" time="0.000" classname="com.eurofins.testcases.CollectAllLinks">
    <skipped/>
  </testcase> <!-- thirdBlueImageTest -->
  <testcase name="majorNavLink1Test" time="0.000" classname="com.eurofins.testcases.CollectAllLinks">
    <skipped/>
  </testcase> <!-- majorNavLink1Test -->
  <testcase name="majorNavLink2Test" time="0.000" classname="com.eurofins.testcases.CollectAllLinks">
    <skipped/>
  </testcase> <!-- majorNavLink2Test -->
  <testcase name="majorNavLink3Test" time="0.000" classname="com.eurofins.testcases.CollectAllLinks">
    <skipped/>
  </testcase> <!-- majorNavLink3Test -->
  <testcase name="orangeNavLink1Test" time="0.000" classname="com.eurofins.testcases.CollectAllLinks">
    <skipped/>
  </testcase> <!-- orangeNavLink1Test -->
  <testcase name="orangeNavLink2Test" time="0.000" classname="com.eurofins.testcases.CollectAllLinks">
    <skipped/>
  </testcase> <!-- orangeNavLink2Test -->
  <testcase name="orangeNavLink3Test" time="0.000" classname="com.eurofins.testcases.CollectAllLinks">
    <skipped/>
  </testcase> <!-- orangeNavLink3Test -->
  <testcase name="orangeNavLink4Test" time="0.000" classname="com.eurofins.testcases.CollectAllLinks">
    <skipped/>
  </testcase> <!-- orangeNavLink4Test -->
  <testcase name="orangeNavLink5Test" time="0.000" classname="com.eurofins.testcases.CollectAllLinks">
    <skipped/>
  </testcase> <!-- orangeNavLink5Test -->
  <testcase name="orangeNavLink6Test" time="0.000" classname="com.eurofins.testcases.CollectAllLinks">
    <skipped/>
  </testcase> <!-- orangeNavLink6Test -->
  <testcase name="orangeNavLink7Test" time="0.000" classname="com.eurofins.testcases.CollectAllLinks">
    <skipped/>
  </testcase> <!-- orangeNavLink7Test -->
  <testcase name="orangeNavLink8Test" time="0.000" classname="com.eurofins.testcases.CollectAllLinks">
    <skipped/>
  </testcase> <!-- orangeNavLink8Test -->
  <testcase name="orangeNavLink9Test" time="0.000" classname="com.eurofins.testcases.CollectAllLinks">
    <skipped/>
  </testcase> <!-- orangeNavLink9Test -->
  <testcase name="orangeNavLink10Test" time="0.000" classname="com.eurofins.testcases.CollectAllLinks">
    <skipped/>
  </testcase> <!-- orangeNavLink10Test -->
  <testcase name="orangeNavLink11Test" time="0.000" classname="com.eurofins.testcases.CollectAllLinks">
    <skipped/>
  </testcase> <!-- orangeNavLink11Test -->
  <testcase name="orangeNavLink12Test" time="0.000" classname="com.eurofins.testcases.CollectAllLinks">
    <skipped/>
  </testcase> <!-- orangeNavLink12Test -->
  <testcase name="footerNavLink1Test" time="0.000" classname="com.eurofins.testcases.CollectAllLinks">
    <skipped/>
  </testcase> <!-- footerNavLink1Test -->
  <testcase name="footerNavLink2Test" time="0.000" classname="com.eurofins.testcases.CollectAllLinks">
    <skipped/>
  </testcase> <!-- footerNavLink2Test -->
  <testcase name="footerNavLink3Test" time="0.000" classname="com.eurofins.testcases.CollectAllLinks">
    <skipped/>
  </testcase> <!-- footerNavLink3Test -->
  <testcase name="footerNavLink4Test" time="0.000" classname="com.eurofins.testcases.CollectAllLinks">
    <skipped/>
  </testcase> <!-- footerNavLink4Test -->
  <testcase name="footerNavLink5Test" time="0.000" classname="com.eurofins.testcases.CollectAllLinks">
    <skipped/>
  </testcase> <!-- footerNavLink5Test -->
  <testcase name="footerNavLink6Test" time="0.000" classname="com.eurofins.testcases.CollectAllLinks">
    <skipped/>
  </testcase> <!-- footerNavLink6Test -->
  <testcase name="footerNavLink7Test" time="0.000" classname="com.eurofins.testcases.CollectAllLinks">
    <skipped/>
  </testcase> <!-- footerNavLink7Test -->
  <testcase name="footerNavLink8Test" time="0.000" classname="com.eurofins.testcases.CollectAllLinks">
    <skipped/>
  </testcase> <!-- footerNavLink8Test -->
  <testcase name="footerNavLink9Test" time="0.000" classname="com.eurofins.testcases.CollectAllLinks">
    <skipped/>
  </testcase> <!-- footerNavLink9Test -->
  <testcase name="footerNavLink10Test" time="0.000" classname="com.eurofins.testcases.CollectAllLinks">
    <skipped/>
  </testcase> <!-- footerNavLink10Test -->
  <testcase name="footerBottomLogoTest" time="0.000" classname="com.eurofins.testcases.CollectAllLinks">
    <skipped/>
  </testcase> <!-- footerBottomLogoTest -->
  <testcase name="copyrightMessageTxtTest" time="0.000" classname="com.eurofins.testcases.CollectAllLinks">
    <skipped/>
  </testcase> <!-- copyrightMessageTxtTest -->
  <testcase name="LastUpdatedTxtTest" time="0.000" classname="com.eurofins.testcases.CollectAllLinks">
    <skipped/>
  </testcase> <!-- LastUpdatedTxtTest -->
</testsuite> <!-- com.eurofins.testcases.CollectAllLinks -->
