<?xml version="1.0" encoding="UTF-8"?>
<!-- Generated by org.testng.reporters.JUnitReportReporter -->
<testsuite skipped="114" hostname="IN01LAP00077" name="com.eurofins.testcases.HomePageTest" tests="115" failures="0" timestamp="21 Apr 2021 11:16:58 GMT" time="80.642" errors="1">
  <testcase name="loadWebBrowser" time="80.642" classname="com.eurofins.testcases.HomePageTest">
    <error type="org.openqa.selenium.NoSuchElementException" message="no such element: Unable to locate element: {&quot;method&quot;:&quot;css selector&quot;,&quot;selector&quot;:&quot;iframe[title=&#039;TrustArc Cookie Consent Manager&#039;]&quot;}
  (Session info: chrome=88.0.4324.150)
For documentation on this error, please visit: http://seleniumhq.org/exceptions/no_such_element.html
Build info: version: &#039;3.141.5&#039;, revision: &#039;d54ebd709a&#039;, time: &#039;2018-11-06T11:42:16&#039;
System info: host: &#039;IN01LAP00077&#039;, ip: &#039;10.128.56.150&#039;, os.name: &#039;Windows 10&#039;, os.arch: &#039;amd64&#039;, os.version: &#039;10.0&#039;, java.version: &#039;1.8.0_221&#039;
Driver info: org.openqa.selenium.chrome.ChromeDriver
Capabilities {acceptInsecureCerts: false, browserName: chrome, browserVersion: 88.0.4324.150, chrome: {chromedriverVersion: 88.0.4324.96 (68dba2d8a0b14..., userDataDir: C:\Users\UJ56\AppData\Local...}, goog:chromeOptions: {debuggerAddress: localhost:21816}, javascriptEnabled: true, networkConnectionEnabled: false, pageLoadStrategy: normal, platform: WINDOWS, platformName: WINDOWS, proxy: Proxy(), setWindowRect: true, strictFileInteractability: false, timeouts: {implicit: 0, pageLoad: 300000, script: 30000}, unhandledPromptBehavior: dismiss and notify, webauthn:extension:largeBlob: true, webauthn:virtualAuthenticators: true}
Session ID: 3f097881c540553aa121ac3ed0dcb339
*** Element info: {Using=css selector, value=iframe[title=&#039;TrustArc Cookie Consent Manager&#039;]}">
      <![CDATA[org.openqa.selenium.NoSuchElementException: no such element: Unable to locate element: {"method":"css selector","selector":"iframe[title='TrustArc Cookie Consent Manager']"}
  (Session info: chrome=88.0.4324.150)
For documentation on this error, please visit: http://seleniumhq.org/exceptions/no_such_element.html
Build info: version: '3.141.5', revision: 'd54ebd709a', time: '2018-11-06T11:42:16'
System info: host: 'IN01LAP00077', ip: '10.128.56.150', os.name: 'Windows 10', os.arch: 'amd64', os.version: '10.0', java.version: '1.8.0_221'
Driver info: org.openqa.selenium.chrome.ChromeDriver
Capabilities {acceptInsecureCerts: false, browserName: chrome, browserVersion: 88.0.4324.150, chrome: {chromedriverVersion: 88.0.4324.96 (68dba2d8a0b14..., userDataDir: C:\Users\UJ56\AppData\Local...}, goog:chromeOptions: {debuggerAddress: localhost:21816}, javascriptEnabled: true, networkConnectionEnabled: false, pageLoadStrategy: normal, platform: WINDOWS, platformName: WINDOWS, proxy: Proxy(), setWindowRect: true, strictFileInteractability: false, timeouts: {implicit: 0, pageLoad: 300000, script: 30000}, unhandledPromptBehavior: dismiss and notify, webauthn:extension:largeBlob: true, webauthn:virtualAuthenticators: true}
Session ID: 3f097881c540553aa121ac3ed0dcb339
*** Element info: {Using=css selector, value=iframe[title='TrustArc Cookie Consent Manager']}
at sun.reflect.NativeConstructorAccessorImpl.newInstance0(Native Method)
at sun.reflect.NativeConstructorAccessorImpl.newInstance(Unknown Source)
at sun.reflect.DelegatingConstructorAccessorImpl.newInstance(Unknown Source)
at java.lang.reflect.Constructor.newInstance(Unknown Source)
at org.openqa.selenium.remote.http.W3CHttpResponseCodec.createException(W3CHttpResponseCodec.java:187)
at org.openqa.selenium.remote.http.W3CHttpResponseCodec.decode(W3CHttpResponseCodec.java:122)
at org.openqa.selenium.remote.http.W3CHttpResponseCodec.decode(W3CHttpResponseCodec.java:49)
at org.openqa.selenium.remote.HttpCommandExecutor.execute(HttpCommandExecutor.java:158)
at org.openqa.selenium.remote.service.DriverCommandExecutor.execute(DriverCommandExecutor.java:83)
at org.openqa.selenium.remote.RemoteWebDriver.execute(RemoteWebDriver.java:552)
at org.openqa.selenium.remote.RemoteWebDriver.findElement(RemoteWebDriver.java:323)
at org.openqa.selenium.remote.RemoteWebDriver.findElementByCssSelector(RemoteWebDriver.java:420)
at org.openqa.selenium.By$ByCssSelector.findElement(By.java:431)
at org.openqa.selenium.remote.RemoteWebDriver.findElement(RemoteWebDriver.java:315)
at sun.reflect.NativeMethodAccessorImpl.invoke0(Native Method)
at sun.reflect.NativeMethodAccessorImpl.invoke(Unknown Source)
at sun.reflect.DelegatingMethodAccessorImpl.invoke(Unknown Source)
at java.lang.reflect.Method.invoke(Unknown Source)
at org.openqa.selenium.support.events.EventFiringWebDriver.lambda$new$1(EventFiringWebDriver.java:105)
at com.sun.proxy.$Proxy8.findElement(Unknown Source)
at org.openqa.selenium.support.events.EventFiringWebDriver.findElement(EventFiringWebDriver.java:194)
at com.eurofins.util.TestUtil.switchToGDPRFrame(TestUtil.java:39)
at com.eurofins.base.TestBase.getGDPRCheck(TestBase.java:128)
at com.eurofins.testcases.HomePageTest.loadWebBrowser(HomePageTest.java:44)
at sun.reflect.NativeMethodAccessorImpl.invoke0(Native Method)
at sun.reflect.NativeMethodAccessorImpl.invoke(Unknown Source)
at sun.reflect.DelegatingMethodAccessorImpl.invoke(Unknown Source)
at java.lang.reflect.Method.invoke(Unknown Source)
at org.testng.internal.MethodInvocationHelper.invokeMethod(MethodInvocationHelper.java:124)
at org.testng.internal.MethodInvocationHelper.invokeMethodConsideringTimeout(MethodInvocationHelper.java:59)
at org.testng.internal.Invoker.invokeConfigurationMethod(Invoker.java:458)
at org.testng.internal.Invoker.invokeConfigurations(Invoker.java:222)
at org.testng.internal.Invoker.invokeConfigurations(Invoker.java:142)
at org.testng.TestRunner.beforeRun(TestRunner.java:529)
at org.testng.TestRunner.run(TestRunner.java:497)
at org.testng.SuiteRunner.runTest(SuiteRunner.java:455)
at org.testng.SuiteRunner.runSequentially(SuiteRunner.java:450)
at org.testng.SuiteRunner.privateRun(SuiteRunner.java:415)
at org.testng.SuiteRunner.run(SuiteRunner.java:364)
at org.testng.SuiteRunnerWorker.runSuite(SuiteRunnerWorker.java:52)
at org.testng.SuiteRunnerWorker.run(SuiteRunnerWorker.java:84)
at org.testng.TestNG.runSuitesSequentially(TestNG.java:1208)
at org.testng.TestNG.runSuitesLocally(TestNG.java:1137)
at org.testng.TestNG.runSuites(TestNG.java:1049)
at org.testng.TestNG.run(TestNG.java:1017)
at org.testng.remote.AbstractRemoteTestNG.run(AbstractRemoteTestNG.java:114)
at org.testng.remote.RemoteTestNG.initAndRun(RemoteTestNG.java:251)
at org.testng.remote.RemoteTestNG.main(RemoteTestNG.java:77)
]]>
    </error>
  </testcase> <!-- loadWebBrowser -->
  <testcase name="homePageTitleTest" time="0.000" classname="com.eurofins.testcases.HomePageTest">
    <skipped/>
  </testcase> <!-- homePageTitleTest -->
  <testcase name="homePageLogoTest" time="0.000" classname="com.eurofins.testcases.HomePageTest">
    <skipped/>
  </testcase> <!-- homePageLogoTest -->
  <testcase name="groupNavLink1Test" time="0.000" classname="com.eurofins.testcases.HomePageTest">
    <skipped/>
  </testcase> <!-- groupNavLink1Test -->
  <testcase name="groupNavLink2Test" time="0.000" classname="com.eurofins.testcases.HomePageTest">
    <skipped/>
  </testcase> <!-- groupNavLink2Test -->
  <testcase name="groupNavLink3Test" time="0.000" classname="com.eurofins.testcases.HomePageTest">
    <skipped/>
  </testcase> <!-- groupNavLink3Test -->
  <testcase name="groupNavLink4Test" time="0.000" classname="com.eurofins.testcases.HomePageTest">
    <skipped/>
  </testcase> <!-- groupNavLink4Test -->
  <testcase name="groupNavLink5Test" time="0.000" classname="com.eurofins.testcases.HomePageTest">
    <skipped/>
  </testcase> <!-- groupNavLink5Test -->
  <testcase name="groupNavLink6Test" time="0.000" classname="com.eurofins.testcases.HomePageTest">
    <skipped/>
  </testcase> <!-- groupNavLink6Test -->
  <testcase name="mainNavLink1Test" time="0.000" classname="com.eurofins.testcases.HomePageTest">
    <skipped/>
  </testcase> <!-- mainNavLink1Test -->
  <testcase name="mainNav1SubNavLink1Test" time="0.000" classname="com.eurofins.testcases.HomePageTest">
    <skipped/>
  </testcase> <!-- mainNav1SubNavLink1Test -->
  <testcase name="mainNav1SubNavLink2Test" time="0.000" classname="com.eurofins.testcases.HomePageTest">
    <skipped/>
  </testcase> <!-- mainNav1SubNavLink2Test -->
  <testcase name="mainNav1SubNavLink3Test" time="0.000" classname="com.eurofins.testcases.HomePageTest">
    <skipped/>
  </testcase> <!-- mainNav1SubNavLink3Test -->
  <testcase name="mainNav1SubNavLink4Test" time="0.000" classname="com.eurofins.testcases.HomePageTest">
    <skipped/>
  </testcase> <!-- mainNav1SubNavLink4Test -->
  <testcase name="mainNav1SubNavLink5Test" time="0.000" classname="com.eurofins.testcases.HomePageTest">
    <skipped/>
  </testcase> <!-- mainNav1SubNavLink5Test -->
  <testcase name="mainNav1SubNavLink6Test" time="0.000" classname="com.eurofins.testcases.HomePageTest">
    <skipped/>
  </testcase> <!-- mainNav1SubNavLink6Test -->
  <testcase name="mainNav1SubNavLink7Test" time="0.000" classname="com.eurofins.testcases.HomePageTest">
    <skipped/>
  </testcase> <!-- mainNav1SubNavLink7Test -->
  <testcase name="mainNav1SubNavLink8Test" time="0.000" classname="com.eurofins.testcases.HomePageTest">
    <skipped/>
  </testcase> <!-- mainNav1SubNavLink8Test -->
  <testcase name="mainNav1SubNavLink9Test" time="0.000" classname="com.eurofins.testcases.HomePageTest">
    <skipped/>
  </testcase> <!-- mainNav1SubNavLink9Test -->
  <testcase name="mainNav1SubNavLink10Test" time="0.000" classname="com.eurofins.testcases.HomePageTest">
    <skipped/>
  </testcase> <!-- mainNav1SubNavLink10Test -->
  <testcase name="mainNav1SubNavLink11Test" time="0.000" classname="com.eurofins.testcases.HomePageTest">
    <skipped/>
  </testcase> <!-- mainNav1SubNavLink11Test -->
  <testcase name="mainNav1SubNavLink12Test" time="0.000" classname="com.eurofins.testcases.HomePageTest">
    <skipped/>
  </testcase> <!-- mainNav1SubNavLink12Test -->
  <testcase name="mainNav1SubNavLink13Test" time="0.000" classname="com.eurofins.testcases.HomePageTest">
    <skipped/>
  </testcase> <!-- mainNav1SubNavLink13Test -->
  <testcase name="mainNav1SubNavLink14Test" time="0.000" classname="com.eurofins.testcases.HomePageTest">
    <skipped/>
  </testcase> <!-- mainNav1SubNavLink14Test -->
  <testcase name="mainNav1SubNavLink15Test" time="0.000" classname="com.eurofins.testcases.HomePageTest">
    <skipped/>
  </testcase> <!-- mainNav1SubNavLink15Test -->
  <testcase name="mainNav1SubNavLink16Test" time="0.000" classname="com.eurofins.testcases.HomePageTest">
    <skipped/>
  </testcase> <!-- mainNav1SubNavLink16Test -->
  <testcase name="mainNav1SubNavLink17Test" time="0.000" classname="com.eurofins.testcases.HomePageTest">
    <skipped/>
  </testcase> <!-- mainNav1SubNavLink17Test -->
  <testcase name="mainNav1SubNavLink18Test" time="0.000" classname="com.eurofins.testcases.HomePageTest">
    <skipped/>
  </testcase> <!-- mainNav1SubNavLink18Test -->
  <testcase name="mainNavLink2Test" time="0.000" classname="com.eurofins.testcases.HomePageTest">
    <skipped/>
  </testcase> <!-- mainNavLink2Test -->
  <testcase name="mainNav2SubNavLink1Test" time="0.000" classname="com.eurofins.testcases.HomePageTest">
    <skipped/>
  </testcase> <!-- mainNav2SubNavLink1Test -->
  <testcase name="mainNav2SubNavLink2Test" time="0.000" classname="com.eurofins.testcases.HomePageTest">
    <skipped/>
  </testcase> <!-- mainNav2SubNavLink2Test -->
  <testcase name="mainNav2SubNavLink3Test" time="0.000" classname="com.eurofins.testcases.HomePageTest">
    <skipped/>
  </testcase> <!-- mainNav2SubNavLink3Test -->
  <testcase name="mainNav2SubNavLink4Test" time="0.000" classname="com.eurofins.testcases.HomePageTest">
    <skipped/>
  </testcase> <!-- mainNav2SubNavLink4Test -->
  <testcase name="mainNav2SubNavLink5Test" time="0.000" classname="com.eurofins.testcases.HomePageTest">
    <skipped/>
  </testcase> <!-- mainNav2SubNavLink5Test -->
  <testcase name="mainNav2SubNavLink6Test" time="0.000" classname="com.eurofins.testcases.HomePageTest">
    <skipped/>
  </testcase> <!-- mainNav2SubNavLink6Test -->
  <testcase name="mainNav2SubNavLink7Test" time="0.000" classname="com.eurofins.testcases.HomePageTest">
    <skipped/>
  </testcase> <!-- mainNav2SubNavLink7Test -->
  <testcase name="mainNav2SubNavLink8Test" time="0.000" classname="com.eurofins.testcases.HomePageTest">
    <skipped/>
  </testcase> <!-- mainNav2SubNavLink8Test -->
  <testcase name="mainNavLink3Test" time="0.000" classname="com.eurofins.testcases.HomePageTest">
    <skipped/>
  </testcase> <!-- mainNavLink3Test -->
  <testcase name="mainNav3SubNavLink1Test" time="0.000" classname="com.eurofins.testcases.HomePageTest">
    <skipped/>
  </testcase> <!-- mainNav3SubNavLink1Test -->
  <testcase name="mainNav3SubNavLink2Test" time="0.000" classname="com.eurofins.testcases.HomePageTest">
    <skipped/>
  </testcase> <!-- mainNav3SubNavLink2Test -->
  <testcase name="mainNav3SubNavLink3Test" time="0.000" classname="com.eurofins.testcases.HomePageTest">
    <skipped/>
  </testcase> <!-- mainNav3SubNavLink3Test -->
  <testcase name="mainNav3SubNavLink4Test" time="0.000" classname="com.eurofins.testcases.HomePageTest">
    <skipped/>
  </testcase> <!-- mainNav3SubNavLink4Test -->
  <testcase name="mainNav3SubNavLink5Test" time="0.000" classname="com.eurofins.testcases.HomePageTest">
    <skipped/>
  </testcase> <!-- mainNav3SubNavLink5Test -->
  <testcase name="mainNav3SubNavLink6Test" time="0.000" classname="com.eurofins.testcases.HomePageTest">
    <skipped/>
  </testcase> <!-- mainNav3SubNavLink6Test -->
  <testcase name="mainNav3SubNavLink7Test" time="0.000" classname="com.eurofins.testcases.HomePageTest">
    <skipped/>
  </testcase> <!-- mainNav3SubNavLink7Test -->
  <testcase name="mainNav3SubNavLink8Test" time="0.000" classname="com.eurofins.testcases.HomePageTest">
    <skipped/>
  </testcase> <!-- mainNav3SubNavLink8Test -->
  <testcase name="mainNav3SubNavLink9Test" time="0.000" classname="com.eurofins.testcases.HomePageTest">
    <skipped/>
  </testcase> <!-- mainNav3SubNavLink9Test -->
  <testcase name="mainNav3SubNavLink10Test" time="0.000" classname="com.eurofins.testcases.HomePageTest">
    <skipped/>
  </testcase> <!-- mainNav3SubNavLink10Test -->
  <testcase name="mainNav3SubNavLink11Test" time="0.000" classname="com.eurofins.testcases.HomePageTest">
    <skipped/>
  </testcase> <!-- mainNav3SubNavLink11Test -->
  <testcase name="mainNavLink4Test" time="0.000" classname="com.eurofins.testcases.HomePageTest">
    <skipped/>
  </testcase> <!-- mainNavLink4Test -->
  <testcase name="mainNav4SubNavLink1Test" time="0.000" classname="com.eurofins.testcases.HomePageTest">
    <skipped/>
  </testcase> <!-- mainNav4SubNavLink1Test -->
  <testcase name="mainNav4SubNavLink2Test" time="0.000" classname="com.eurofins.testcases.HomePageTest">
    <skipped/>
  </testcase> <!-- mainNav4SubNavLink2Test -->
  <testcase name="mainNav4SubNavLink3Test" time="0.000" classname="com.eurofins.testcases.HomePageTest">
    <skipped/>
  </testcase> <!-- mainNav4SubNavLink3Test -->
  <testcase name="mainNav4SubNavLink4Test" time="0.000" classname="com.eurofins.testcases.HomePageTest">
    <skipped/>
  </testcase> <!-- mainNav4SubNavLink4Test -->
  <testcase name="mainNav4SubNavLink9Test" time="0.000" classname="com.eurofins.testcases.HomePageTest">
    <skipped/>
  </testcase> <!-- mainNav4SubNavLink9Test -->
  <testcase name="mainNav4SubNavLink12Test" time="0.000" classname="com.eurofins.testcases.HomePageTest">
    <skipped/>
  </testcase> <!-- mainNav4SubNavLink12Test -->
  <testcase name="mainNav5SubNavLink10Test" time="0.000" classname="com.eurofins.testcases.HomePageTest">
    <skipped/>
  </testcase> <!-- mainNav5SubNavLink10Test -->
  <testcase name="mainNav5SubNavLink1Test" time="0.000" classname="com.eurofins.testcases.HomePageTest">
    <skipped/>
  </testcase> <!-- mainNav5SubNavLink1Test -->
  <testcase name="mainNav5SubNavLink7Test" time="0.000" classname="com.eurofins.testcases.HomePageTest">
    <skipped/>
  </testcase> <!-- mainNav5SubNavLink7Test -->
  <testcase name="mainNav5SubNavLink11Test" time="0.000" classname="com.eurofins.testcases.HomePageTest">
    <skipped/>
  </testcase> <!-- mainNav5SubNavLink11Test -->
  <testcase name="mainNav4SubNavLink8Test" time="0.000" classname="com.eurofins.testcases.HomePageTest">
    <skipped/>
  </testcase> <!-- mainNav4SubNavLink8Test -->
  <testcase name="mainNav5SubNavLink4Test" time="0.000" classname="com.eurofins.testcases.HomePageTest">
    <skipped/>
  </testcase> <!-- mainNav5SubNavLink4Test -->
  <testcase name="mainNav4SubNavLink5Test" time="0.000" classname="com.eurofins.testcases.HomePageTest">
    <skipped/>
  </testcase> <!-- mainNav4SubNavLink5Test -->
  <testcase name="mainNav5SubNavLink8Test" time="0.000" classname="com.eurofins.testcases.HomePageTest">
    <skipped/>
  </testcase> <!-- mainNav5SubNavLink8Test -->
  <testcase name="mainNav5SubNavLink3Test" time="0.000" classname="com.eurofins.testcases.HomePageTest">
    <skipped/>
  </testcase> <!-- mainNav5SubNavLink3Test -->
  <testcase name="mainNav4SubNavLink10Test" time="0.000" classname="com.eurofins.testcases.HomePageTest">
    <skipped/>
  </testcase> <!-- mainNav4SubNavLink10Test -->
  <testcase name="mainNav5SubNavLink2Test" time="0.000" classname="com.eurofins.testcases.HomePageTest">
    <skipped/>
  </testcase> <!-- mainNav5SubNavLink2Test -->
  <testcase name="mainNav5SubNavLink13Test" time="0.000" classname="com.eurofins.testcases.HomePageTest">
    <skipped/>
  </testcase> <!-- mainNav5SubNavLink13Test -->
  <testcase name="mainNav5SubNavLink5Test" time="0.000" classname="com.eurofins.testcases.HomePageTest">
    <skipped/>
  </testcase> <!-- mainNav5SubNavLink5Test -->
  <testcase name="mainNav4SubNavLink6Test" time="0.000" classname="com.eurofins.testcases.HomePageTest">
    <skipped/>
  </testcase> <!-- mainNav4SubNavLink6Test -->
  <testcase name="mainNav4SubNavLink11Test" time="0.000" classname="com.eurofins.testcases.HomePageTest">
    <skipped/>
  </testcase> <!-- mainNav4SubNavLink11Test -->
  <testcase name="mainNav4SubNavLink13Test" time="0.000" classname="com.eurofins.testcases.HomePageTest">
    <skipped/>
  </testcase> <!-- mainNav4SubNavLink13Test -->
  <testcase name="mainNav5SubNavLink6Test" time="0.000" classname="com.eurofins.testcases.HomePageTest">
    <skipped/>
  </testcase> <!-- mainNav5SubNavLink6Test -->
  <testcase name="mainNav5SubNavLink9Test" time="0.000" classname="com.eurofins.testcases.HomePageTest">
    <skipped/>
  </testcase> <!-- mainNav5SubNavLink9Test -->
  <testcase name="mainNav4SubNavLink7Test" time="0.000" classname="com.eurofins.testcases.HomePageTest">
    <skipped/>
  </testcase> <!-- mainNav4SubNavLink7Test -->
  <testcase name="mainNavLink5Test" time="0.000" classname="com.eurofins.testcases.HomePageTest">
    <skipped/>
  </testcase> <!-- mainNavLink5Test -->
  <testcase name="mainNav5SubNavLink12Test" time="0.000" classname="com.eurofins.testcases.HomePageTest">
    <skipped/>
  </testcase> <!-- mainNav5SubNavLink12Test -->
  <testcase name="mainNavLink6Test" time="0.000" classname="com.eurofins.testcases.HomePageTest">
    <skipped/>
  </testcase> <!-- mainNavLink6Test -->
  <testcase name="mainNav6SubNavLink1Test" time="0.000" classname="com.eurofins.testcases.HomePageTest">
    <skipped/>
  </testcase> <!-- mainNav6SubNavLink1Test -->
  <testcase name="mainNav6SubNavLink2Test" time="0.000" classname="com.eurofins.testcases.HomePageTest">
    <skipped/>
  </testcase> <!-- mainNav6SubNavLink2Test -->
  <testcase name="mainNav6SubNavLink3Test" time="0.000" classname="com.eurofins.testcases.HomePageTest">
    <skipped/>
  </testcase> <!-- mainNav6SubNavLink3Test -->
  <testcase name="mainNavLink7Test" time="0.000" classname="com.eurofins.testcases.HomePageTest">
    <skipped/>
  </testcase> <!-- mainNavLink7Test -->
  <testcase name="mainNav7SubNavLink1Test" time="0.000" classname="com.eurofins.testcases.HomePageTest">
    <skipped/>
  </testcase> <!-- mainNav7SubNavLink1Test -->
  <testcase name="mainNav7SubNavLink2Test" time="0.000" classname="com.eurofins.testcases.HomePageTest">
    <skipped/>
  </testcase> <!-- mainNav7SubNavLink2Test -->
  <testcase name="firstBlueImageTest" time="0.000" classname="com.eurofins.testcases.HomePageTest">
    <skipped/>
  </testcase> <!-- firstBlueImageTest -->
  <testcase name="secondBlueImageTest" time="0.000" classname="com.eurofins.testcases.HomePageTest">
    <skipped/>
  </testcase> <!-- secondBlueImageTest -->
  <testcase name="thirdBlueImageTest" time="0.000" classname="com.eurofins.testcases.HomePageTest">
    <skipped/>
  </testcase> <!-- thirdBlueImageTest -->
  <testcase name="majorNavLink1Test" time="0.000" classname="com.eurofins.testcases.HomePageTest">
    <skipped/>
  </testcase> <!-- majorNavLink1Test -->
  <testcase name="majorNavLink2Test" time="0.000" classname="com.eurofins.testcases.HomePageTest">
    <skipped/>
  </testcase> <!-- majorNavLink2Test -->
  <testcase name="majorNavLink3Test" time="0.000" classname="com.eurofins.testcases.HomePageTest">
    <skipped/>
  </testcase> <!-- majorNavLink3Test -->
  <testcase name="orangeNavLink1Test" time="0.000" classname="com.eurofins.testcases.HomePageTest">
    <skipped/>
  </testcase> <!-- orangeNavLink1Test -->
  <testcase name="orangeNavLink2Test" time="0.000" classname="com.eurofins.testcases.HomePageTest">
    <skipped/>
  </testcase> <!-- orangeNavLink2Test -->
  <testcase name="orangeNavLink3Test" time="0.000" classname="com.eurofins.testcases.HomePageTest">
    <skipped/>
  </testcase> <!-- orangeNavLink3Test -->
  <testcase name="orangeNavLink4Test" time="0.000" classname="com.eurofins.testcases.HomePageTest">
    <skipped/>
  </testcase> <!-- orangeNavLink4Test -->
  <testcase name="orangeNavLink5Test" time="0.000" classname="com.eurofins.testcases.HomePageTest">
    <skipped/>
  </testcase> <!-- orangeNavLink5Test -->
  <testcase name="orangeNavLink6Test" time="0.000" classname="com.eurofins.testcases.HomePageTest">
    <skipped/>
  </testcase> <!-- orangeNavLink6Test -->
  <testcase name="orangeNavLink7Test" time="0.000" classname="com.eurofins.testcases.HomePageTest">
    <skipped/>
  </testcase> <!-- orangeNavLink7Test -->
  <testcase name="orangeNavLink8Test" time="0.000" classname="com.eurofins.testcases.HomePageTest">
    <skipped/>
  </testcase> <!-- orangeNavLink8Test -->
  <testcase name="orangeNavLink9Test" time="0.000" classname="com.eurofins.testcases.HomePageTest">
    <skipped/>
  </testcase> <!-- orangeNavLink9Test -->
  <testcase name="orangeNavLink10Test" time="0.000" classname="com.eurofins.testcases.HomePageTest">
    <skipped/>
  </testcase> <!-- orangeNavLink10Test -->
  <testcase name="orangeNavLink11Test" time="0.000" classname="com.eurofins.testcases.HomePageTest">
    <skipped/>
  </testcase> <!-- orangeNavLink11Test -->
  <testcase name="orangeNavLink12Test" time="0.000" classname="com.eurofins.testcases.HomePageTest">
    <skipped/>
  </testcase> <!-- orangeNavLink12Test -->
  <testcase name="footerNavLink1Test" time="0.000" classname="com.eurofins.testcases.HomePageTest">
    <skipped/>
  </testcase> <!-- footerNavLink1Test -->
  <testcase name="footerNavLink2Test" time="0.000" classname="com.eurofins.testcases.HomePageTest">
    <skipped/>
  </testcase> <!-- footerNavLink2Test -->
  <testcase name="footerNavLink3Test" time="0.000" classname="com.eurofins.testcases.HomePageTest">
    <skipped/>
  </testcase> <!-- footerNavLink3Test -->
  <testcase name="footerNavLink4Test" time="0.000" classname="com.eurofins.testcases.HomePageTest">
    <skipped/>
  </testcase> <!-- footerNavLink4Test -->
  <testcase name="footerNavLink5Test" time="0.000" classname="com.eurofins.testcases.HomePageTest">
    <skipped/>
  </testcase> <!-- footerNavLink5Test -->
  <testcase name="footerNavLink6Test" time="0.000" classname="com.eurofins.testcases.HomePageTest">
    <skipped/>
  </testcase> <!-- footerNavLink6Test -->
  <testcase name="footerNavLink7Test" time="0.000" classname="com.eurofins.testcases.HomePageTest">
    <skipped/>
  </testcase> <!-- footerNavLink7Test -->
  <testcase name="footerNavLink8Test" time="0.000" classname="com.eurofins.testcases.HomePageTest">
    <skipped/>
  </testcase> <!-- footerNavLink8Test -->
  <testcase name="footerNavLink9Test" time="0.000" classname="com.eurofins.testcases.HomePageTest">
    <skipped/>
  </testcase> <!-- footerNavLink9Test -->
  <testcase name="footerNavLink10Test" time="0.000" classname="com.eurofins.testcases.HomePageTest">
    <skipped/>
  </testcase> <!-- footerNavLink10Test -->
  <testcase name="footerBottomLogoTest" time="0.000" classname="com.eurofins.testcases.HomePageTest">
    <skipped/>
  </testcase> <!-- footerBottomLogoTest -->
  <testcase name="copyrightMessageTxtTest" time="0.000" classname="com.eurofins.testcases.HomePageTest">
    <skipped/>
  </testcase> <!-- copyrightMessageTxtTest -->
  <testcase name="LastUpdatedTxtTest" time="0.000" classname="com.eurofins.testcases.HomePageTest">
    <skipped/>
  </testcase> <!-- LastUpdatedTxtTest -->
</testsuite> <!-- com.eurofins.testcases.HomePageTest -->
