<?xml version="1.0" encoding="UTF-8"?>
<!-- Generated by org.testng.reporters.JUnitReportReporter -->
<testsuite hostname="Smita" failures="0" tests="1" name="mavenPackage.MyMavenTest" time="11.967" errors="0" timestamp="19 Jul 2018 06:47:07 GMT" skipped="0">
  <testcase classname="mavenPackage.MyMavenTest" name="TestCase01" time="11.967"/>
</testsuite> <!-- mavenPackage.MyMavenTest -->
