<?xml version="1.0" encoding="UTF-8"?>
<!-- Generated by org.testng.reporters.JUnitReportReporter -->
<testsuite hostname="Smita" failures="0" tests="4" name="packPageObject.SoftestRunner" time="61.140" errors="0" timestamp="15 Mar 2018 09:12:24 GMT" skipped="0">
  <testcase classname="packPageObject.SoftestRunner" name="testLogin" time="48.335"/>
  <testcase classname="packPageObject.SoftestRunner" name="testLogin" time="3.123"/>
  <testcase classname="packPageObject.SoftestRunner" name="testLogin" time="3.696"/>
  <testcase classname="packPageObject.SoftestRunner" name="testLogin" time="5.986"/>
</testsuite> <!-- packPageObject.SoftestRunner -->
