<?xml version="1.0" encoding="UTF-8"?>
<!-- Generated by org.testng.reporters.JUnitReportReporter -->
<testsuite hostname="Smita" failures="0" tests="4" name="googlePack.GoogleMain" time="35.249" errors="0" timestamp="29 Jun 2018 06:16:38 GMT" skipped="0">
  <testcase classname="googlePack.GoogleMain" name="testLogin" time="18.543"/>
  <testcase classname="googlePack.GoogleMain" name="testLogin" time="4.266"/>
  <testcase classname="googlePack.GoogleMain" name="testLogin" time="5.551"/>
  <testcase classname="googlePack.GoogleMain" name="testLogin" time="6.889"/>
</testsuite> <!-- googlePack.GoogleMain -->
