<?xml version="1.0" encoding="UTF-8"?>
<!-- Generated by org.testng.reporters.JUnitReportReporter -->
<testsuite skipped="0" hostname="BLRLCRIGVEDA08" name="package01.Test01" tests="2" failures="0" timestamp="25 Oct 2018 09:56:55 GMT" time="0.005" errors="0">
  <testcase name="Case2" time="0.001" classname="package01.Test01"/>
  <testcase name="Case1" time="0.004" classname="package01.Test01"/>
</testsuite> <!-- package01.Test01 -->
