<?xml version="1.0" encoding="UTF-8"?>
<!-- Generated by org.testng.reporters.JUnitReportReporter -->
<testsuite hostname="Smita" failures="0" tests="1" name="apackageParallel.Parallel01" time="0.000" errors="0" timestamp="23 Mar 2018 09:32:04 GMT" skipped="1">
  <testcase classname="apackageParallel.Parallel01" name="TC_Google" time="0.000">
    <skipped/>
  </testcase> <!-- TC_Google -->
</testsuite> <!-- apackageParallel.Parallel01 -->
