<?xml version="1.0" encoding="UTF-8"?>
<!-- Generated by org.testng.reporters.JUnitReportReporter -->
<testsuite skipped="0" hostname="BLRLCRIGVEDA08" name="package01.Test02" tests="3" failures="0" timestamp="25 Oct 2018 09:56:55 GMT" time="0.007" errors="0">
  <testcase name="Case2" time="0.002" classname="package01.Test02"/>
  <testcase name="Case3" time="0.003" classname="package01.Test02"/>
  <testcase name="Case1" time="0.002" classname="package01.Test02"/>
</testsuite> <!-- package01.Test02 -->
