<?xml version="1.0" encoding="UTF-8"?>
<!-- Generated by org.testng.reporters.JUnitReportReporter -->
<testsuite hostname="Smita" failures="0" tests="1" name="apackageParallel.Parallel03" time="0.000" errors="0" timestamp="23 Mar 2018 09:32:04 GMT" skipped="1">
  <testcase classname="apackageParallel.Parallel03" name="TC_Linkedin" time="0.000">
    <skipped/>
  </testcase> <!-- TC_Linkedin -->
</testsuite> <!-- apackageParallel.Parallel03 -->
