<?xml version="1.0" encoding="UTF-8"?>
<!-- Generated by org.testng.reporters.JUnitReportReporter -->
<testsuite hostname="Smita" failures="0" tests="1" name="apackageParallel.Parallel02" time="0.000" errors="0" timestamp="23 Mar 2018 09:32:04 GMT" skipped="1">
  <testcase classname="apackageParallel.Parallel02" name="TC_Flipkart" time="0.000">
    <skipped/>
  </testcase> <!-- TC_Flipkart -->
</testsuite> <!-- apackageParallel.Parallel02 -->
