<?xml version="1.0" encoding="UTF-8"?>
<!-- Generated by org.testng.reporters.JUnitReportReporter -->
<testsuite skipped="1" hostname="BLRLCRIGVEDA08" name="packageParallel.Parallel02" tests="1" failures="0" timestamp="25 Oct 2018 09:55:01 GMT" time="0.000" errors="0">
  <testcase name="TC_Flipkart" time="0.000" classname="packageParallel.Parallel02">
    <skipped/>
  </testcase> <!-- TC_Flipkart -->
</testsuite> <!-- packageParallel.Parallel02 -->
