<?xml version="1.0" encoding="UTF-8"?>
<!-- Generated by org.testng.reporters.JUnitReportReporter -->
<testsuite skipped="0" hostname="BLRLCRIGVEDA08" name="grid.TestGrid01" tests="1" failures="0" timestamp="25 Oct 2018 11:16:32 GMT" time="32.894" errors="0">
  <testcase name="GridTC01" time="32.894" classname="grid.TestGrid01"/>
</testsuite> <!-- grid.TestGrid01 -->
