<?xml version="1.0" encoding="UTF-8"?>
<!-- Generated by org.testng.reporters.JUnitReportReporter -->
<testsuite skipped="0" hostname="BLRLCRIGVEDA08" name="package03.Test04" tests="2" failures="0" timestamp="25 Oct 2018 09:56:55 GMT" time="0.004" errors="0">
  <testcase name="Case1" time="0.002" classname="package03.Test04"/>
  <testcase name="Case2" time="0.002" classname="package03.Test04"/>
</testsuite> <!-- package03.Test04 -->
