<?xml version="1.0" encoding="UTF-8"?>
<!-- Generated by org.testng.reporters.JUnitReportReporter -->
<testsuite skipped="1" hostname="BLRLCRIGVEDA08" name="packageParallel.Parallel03" tests="1" failures="0" timestamp="25 Oct 2018 09:55:01 GMT" time="0.000" errors="0">
  <testcase name="TC_Linkedin" time="0.000" classname="packageParallel.Parallel03">
    <skipped/>
  </testcase> <!-- TC_Linkedin -->
</testsuite> <!-- packageParallel.Parallel03 -->
