<?xml version="1.0" encoding="UTF-8"?>
<!-- Generated by org.testng.reporters.JUnitReportReporter -->
<testsuite skipped="0" hostname="BLRLCRIGVEDA08" name="grid.TestGrid02" tests="1" failures="0" timestamp="25 Oct 2018 11:16:32 GMT" time="38.430" errors="0">
  <testcase name="GridTC02" time="38.430" classname="grid.TestGrid02"/>
</testsuite> <!-- grid.TestGrid02 -->
