<?xml version="1.0" encoding="UTF-8"?>
<!-- Generated by org.testng.reporters.JUnitReportReporter -->
<testsuite hostname="BLRLCRIGVEDA08" failures="0" tests="4" name="packPageObject.SoftestRunner" time="300.013" errors="0" timestamp="26 Oct 2018 06:02:49 GMT" skipped="0">
  <testcase classname="packPageObject.SoftestRunner" name="testLogin" time="209.909"/>
  <testcase classname="packPageObject.SoftestRunner" name="testLogin" time="22.607"/>
  <testcase classname="packPageObject.SoftestRunner" name="testLogin" time="22.502"/>
  <testcase classname="packPageObject.SoftestRunner" name="testLogin" time="44.995"/>
</testsuite> <!-- packPageObject.SoftestRunner -->
